mode: set
github.com/vnykmshr/goflow/pkg/common/validation/validation.go:10.62,11.16 1 1
github.com/vnykmshr/goflow/pkg/common/validation/validation.go:11.16,14.3 1 1
github.com/vnykmshr/goflow/pkg/common/validation/validation.go:15.2,15.12 1 1
github.com/vnykmshr/goflow/pkg/common/validation/validation.go:20.69,21.15 1 1
github.com/vnykmshr/goflow/pkg/common/validation/validation.go:21.15,24.3 1 1
github.com/vnykmshr/goflow/pkg/common/validation/validation.go:25.2,25.12 1 1
github.com/vnykmshr/goflow/pkg/common/validation/validation.go:30.71,31.16 1 1
github.com/vnykmshr/goflow/pkg/common/validation/validation.go:31.16,34.3 1 1
github.com/vnykmshr/goflow/pkg/common/validation/validation.go:35.2,35.12 1 1
github.com/vnykmshr/goflow/pkg/common/validation/validation.go:40.68,41.18 1 1
github.com/vnykmshr/goflow/pkg/common/validation/validation.go:41.18,44.3 1 1
github.com/vnykmshr/goflow/pkg/common/validation/validation.go:45.2,45.12 1 1
github.com/vnykmshr/goflow/pkg/common/validation/validation.go:50.65,51.17 1 1
github.com/vnykmshr/goflow/pkg/common/validation/validation.go:51.17,54.3 1 1
github.com/vnykmshr/goflow/pkg/common/validation/validation.go:55.2,55.12 1 1
github.com/vnykmshr/goflow/pkg/common/errors/errors.go:37.42,38.18 1 1
github.com/vnykmshr/goflow/pkg/common/errors/errors.go:38.18,40.3 1 1
github.com/vnykmshr/goflow/pkg/common/errors/errors.go:41.2,41.84 1 1
github.com/vnykmshr/goflow/pkg/common/errors/errors.go:44.42,46.2 1 1
github.com/vnykmshr/goflow/pkg/common/errors/errors.go:49.98,56.2 1 1
github.com/vnykmshr/goflow/pkg/common/errors/errors.go:59.66,62.2 2 1
github.com/vnykmshr/goflow/pkg/common/errors/errors.go:72.41,73.21 1 1
github.com/vnykmshr/goflow/pkg/common/errors/errors.go:73.21,75.3 1 1
github.com/vnykmshr/goflow/pkg/common/errors/errors.go:76.2,76.72 1 1
github.com/vnykmshr/goflow/pkg/common/errors/errors.go:79.41,81.2 1 1
github.com/vnykmshr/goflow/pkg/common/errors/errors.go:84.79,90.2 1 1
github.com/vnykmshr/goflow/pkg/common/errors/errors.go:93.70,96.2 2 1
github.com/vnykmshr/goflow/pkg/common/errors/errors.go:100.34,102.2 1 1
github.com/vnykmshr/goflow/pkg/common/errors/errors.go:105.34,107.2 1 1
github.com/vnykmshr/goflow/pkg/common/errors/errors.go:110.40,113.2 2 1
github.com/vnykmshr/goflow/pkg/ratelimit/concurrency/concurrency.go:8.46,10.2 1 1
github.com/vnykmshr/goflow/pkg/ratelimit/concurrency/concurrency.go:13.52,14.12 1 1
github.com/vnykmshr/goflow/pkg/ratelimit/concurrency/concurrency.go:14.12,16.3 1 1
github.com/vnykmshr/goflow/pkg/ratelimit/concurrency/concurrency.go:18.2,21.23 3 1
github.com/vnykmshr/goflow/pkg/ratelimit/concurrency/concurrency.go:21.23,25.3 3 1
github.com/vnykmshr/goflow/pkg/ratelimit/concurrency/concurrency.go:26.2,26.14 1 1
github.com/vnykmshr/goflow/pkg/ratelimit/concurrency/concurrency.go:30.63,32.2 1 1
github.com/vnykmshr/goflow/pkg/ratelimit/concurrency/concurrency.go:35.71,36.12 1 1
github.com/vnykmshr/goflow/pkg/ratelimit/concurrency/concurrency.go:36.12,38.3 1 1
github.com/vnykmshr/goflow/pkg/ratelimit/concurrency/concurrency.go:41.2,41.9 1 1
github.com/vnykmshr/goflow/pkg/ratelimit/concurrency/concurrency.go:42.20,43.19 1 1
github.com/vnykmshr/goflow/pkg/ratelimit/concurrency/concurrency.go:44.10,44.10 0 1
github.com/vnykmshr/goflow/pkg/ratelimit/concurrency/concurrency.go:47.2,50.23 2 1
github.com/vnykmshr/goflow/pkg/ratelimit/concurrency/concurrency.go:50.23,55.3 4 1
github.com/vnykmshr/goflow/pkg/ratelimit/concurrency/concurrency.go:58.2,67.9 5 1
github.com/vnykmshr/goflow/pkg/ratelimit/concurrency/concurrency.go:68.15,69.13 1 1
github.com/vnykmshr/goflow/pkg/ratelimit/concurrency/concurrency.go:70.20,73.19 2 1
github.com/vnykmshr/goflow/pkg/ratelimit/concurrency/concurrency.go:78.41,80.2 1 1
github.com/vnykmshr/goflow/pkg/ratelimit/concurrency/concurrency.go:83.47,84.12 1 1
github.com/vnykmshr/goflow/pkg/ratelimit/concurrency/concurrency.go:84.12,86.3 1 0
github.com/vnykmshr/goflow/pkg/ratelimit/concurrency/concurrency.go:88.2,91.18 3 1
github.com/vnykmshr/goflow/pkg/ratelimit/concurrency/concurrency.go:91.18,92.60 1 1
github.com/vnykmshr/goflow/pkg/ratelimit/concurrency/concurrency.go:95.2,99.20 3 1
github.com/vnykmshr/goflow/pkg/ratelimit/concurrency/concurrency.go:103.60,104.22 1 1
github.com/vnykmshr/goflow/pkg/ratelimit/concurrency/concurrency.go:104.22,105.37 1 1
github.com/vnykmshr/goflow/pkg/ratelimit/concurrency/concurrency.go:108.2,114.31 5 1
github.com/vnykmshr/goflow/pkg/ratelimit/concurrency/concurrency.go:114.31,119.3 3 1
github.com/vnykmshr/goflow/pkg/ratelimit/concurrency/concurrency.go:119.8,119.38 1 1
github.com/vnykmshr/goflow/pkg/ratelimit/concurrency/concurrency.go:119.38,122.32 2 1
github.com/vnykmshr/goflow/pkg/ratelimit/concurrency/concurrency.go:122.32,124.4 1 1
github.com/vnykmshr/goflow/pkg/ratelimit/concurrency/concurrency.go:124.9,127.4 1 1
github.com/vnykmshr/goflow/pkg/ratelimit/concurrency/concurrency.go:132.46,136.2 3 1
github.com/vnykmshr/goflow/pkg/ratelimit/concurrency/concurrency.go:139.47,143.2 3 1
github.com/vnykmshr/goflow/pkg/ratelimit/concurrency/concurrency.go:146.43,150.2 3 1
github.com/vnykmshr/goflow/pkg/ratelimit/concurrency/concurrency.go:154.47,157.31 2 1
github.com/vnykmshr/goflow/pkg/ratelimit/concurrency/concurrency.go:157.31,159.10 1 1
github.com/vnykmshr/goflow/pkg/ratelimit/concurrency/concurrency.go:160.19,162.12 1 0
github.com/vnykmshr/goflow/pkg/ratelimit/concurrency/concurrency.go:163.11,163.11 0 1
github.com/vnykmshr/goflow/pkg/ratelimit/concurrency/concurrency.go:167.3,167.26 1 1
github.com/vnykmshr/goflow/pkg/ratelimit/concurrency/concurrency.go:167.26,171.4 3 1
github.com/vnykmshr/goflow/pkg/ratelimit/concurrency/concurrency.go:171.9,174.4 1 1
github.com/vnykmshr/goflow/pkg/ratelimit/concurrency/concurrency.go:177.2,177.31 1 1
github.com/vnykmshr/goflow/pkg/ratelimit/concurrency/concurrency.go:181.65,186.31 4 1
github.com/vnykmshr/goflow/pkg/ratelimit/concurrency/concurrency.go:186.31,187.23 1 1
github.com/vnykmshr/goflow/pkg/ratelimit/concurrency/concurrency.go:187.23,189.4 1 0
github.com/vnykmshr/goflow/pkg/ratelimit/concurrency/concurrency.go:191.2,191.31 1 1
github.com/vnykmshr/goflow/pkg/ratelimit/concurrency/limiter.go:84.45,89.2 1 1
github.com/vnykmshr/goflow/pkg/ratelimit/concurrency/limiter.go:93.56,94.96 1 1
github.com/vnykmshr/goflow/pkg/ratelimit/concurrency/limiter.go:94.96,97.3 1 1
github.com/vnykmshr/goflow/pkg/ratelimit/concurrency/limiter.go:99.2,100.78 2 1
github.com/vnykmshr/goflow/pkg/ratelimit/concurrency/limiter.go:100.78,102.3 1 1
github.com/vnykmshr/goflow/pkg/ratelimit/concurrency/limiter.go:104.2,109.8 1 1
github.com/vnykmshr/goflow/examples/worker_pool/main.go:15.13,18.16 2 0
github.com/vnykmshr/goflow/examples/worker_pool/main.go:18.16,20.3 1 0
github.com/vnykmshr/goflow/examples/worker_pool/main.go:23.2,23.15 1 0
github.com/vnykmshr/goflow/examples/worker_pool/main.go:23.15,27.3 3 0
github.com/vnykmshr/goflow/examples/worker_pool/main.go:30.2,31.26 2 0
github.com/vnykmshr/goflow/examples/worker_pool/main.go:31.26,33.61 2 0
github.com/vnykmshr/goflow/examples/worker_pool/main.go:33.61,36.18 2 0
github.com/vnykmshr/goflow/examples/worker_pool/main.go:36.18,38.5 1 0
github.com/vnykmshr/goflow/examples/worker_pool/main.go:39.4,43.14 5 0
github.com/vnykmshr/goflow/examples/worker_pool/main.go:46.3,46.43 1 0
github.com/vnykmshr/goflow/examples/worker_pool/main.go:46.43,48.4 1 0
github.com/vnykmshr/goflow/examples/worker_pool/main.go:52.2,53.26 2 0
github.com/vnykmshr/goflow/examples/worker_pool/main.go:53.26,55.61 2 0
github.com/vnykmshr/goflow/examples/worker_pool/main.go:55.61,59.4 3 0
github.com/vnykmshr/goflow/examples/worker_pool/main.go:61.3,61.43 1 0
github.com/vnykmshr/goflow/examples/worker_pool/main.go:61.43,63.4 1 0
github.com/vnykmshr/goflow/examples/worker_pool/main.go:67.2,68.65 2 0
github.com/vnykmshr/goflow/examples/worker_pool/main.go:68.65,71.3 2 0
github.com/vnykmshr/goflow/examples/worker_pool/main.go:73.2,73.47 1 0
github.com/vnykmshr/goflow/examples/worker_pool/main.go:73.47,75.3 1 0
github.com/vnykmshr/goflow/examples/worker_pool/main.go:78.2,84.67 4 0
github.com/vnykmshr/goflow/internal/testutil/mocks.go:19.47,20.20 1 0
github.com/vnykmshr/goflow/internal/testutil/mocks.go:20.20,22.3 1 0
github.com/vnykmshr/goflow/internal/testutil/mocks.go:23.2,23.31 1 0
github.com/vnykmshr/goflow/internal/testutil/mocks.go:27.37,31.2 3 0
github.com/vnykmshr/goflow/internal/testutil/mocks.go:34.46,38.2 3 0
github.com/vnykmshr/goflow/internal/testutil/mocks.go:41.38,45.2 3 0
github.com/vnykmshr/goflow/internal/testutil/mocks.go:60.34,64.2 1 0
github.com/vnykmshr/goflow/internal/testutil/mocks.go:67.52,73.23 4 0
github.com/vnykmshr/goflow/internal/testutil/mocks.go:73.23,75.3 1 0
github.com/vnykmshr/goflow/internal/testutil/mocks.go:77.2,77.20 1 0
github.com/vnykmshr/goflow/internal/testutil/mocks.go:77.20,79.3 1 0
github.com/vnykmshr/goflow/internal/testutil/mocks.go:81.2,81.57 1 0
github.com/vnykmshr/goflow/internal/testutil/mocks.go:81.57,83.3 1 0
github.com/vnykmshr/goflow/internal/testutil/mocks.go:85.2,85.24 1 0
github.com/vnykmshr/goflow/internal/testutil/mocks.go:89.39,93.2 3 0
github.com/vnykmshr/goflow/internal/testutil/mocks.go:96.33,100.2 3 0
github.com/vnykmshr/goflow/internal/testutil/mocks.go:103.40,107.2 3 0
github.com/vnykmshr/goflow/internal/testutil/mocks.go:110.58,114.2 3 0
github.com/vnykmshr/goflow/internal/testutil/mocks.go:117.44,121.2 3 0
github.com/vnykmshr/goflow/internal/testutil/mocks.go:124.49,129.2 4 0
github.com/vnykmshr/goflow/internal/testutil/mocks.go:132.31,141.2 8 0
github.com/vnykmshr/goflow/internal/testutil/testutil.go:14.70,17.2 2 0
github.com/vnykmshr/goflow/internal/testutil/testutil.go:20.45,22.16 2 0
github.com/vnykmshr/goflow/internal/testutil/testutil.go:22.16,24.3 1 0
github.com/vnykmshr/goflow/internal/testutil/testutil.go:28.43,30.16 2 0
github.com/vnykmshr/goflow/internal/testutil/testutil.go:30.16,32.3 1 0
github.com/vnykmshr/goflow/internal/testutil/testutil.go:36.59,38.17 2 0
github.com/vnykmshr/goflow/internal/testutil/testutil.go:38.17,40.3 1 0
github.com/vnykmshr/goflow/internal/testutil/testutil.go:44.62,46.17 2 0
github.com/vnykmshr/goflow/internal/testutil/testutil.go:46.17,48.3 1 0
github.com/vnykmshr/goflow/examples/rate_limiter/main.go:15.13,18.16 2 0
github.com/vnykmshr/goflow/examples/rate_limiter/main.go:18.16,20.3 1 0
github.com/vnykmshr/goflow/examples/rate_limiter/main.go:23.2,24.16 2 0
github.com/vnykmshr/goflow/examples/rate_limiter/main.go:24.16,26.3 1 0
github.com/vnykmshr/goflow/examples/rate_limiter/main.go:29.2,30.16 2 0
github.com/vnykmshr/goflow/examples/rate_limiter/main.go:30.16,32.3 1 0
github.com/vnykmshr/goflow/examples/rate_limiter/main.go:35.2,35.71 1 0
github.com/vnykmshr/goflow/examples/rate_limiter/main.go:35.71,36.26 1 0
github.com/vnykmshr/goflow/examples/rate_limiter/main.go:36.26,39.4 2 0
github.com/vnykmshr/goflow/examples/rate_limiter/main.go:40.3,40.69 1 0
github.com/vnykmshr/goflow/examples/rate_limiter/main.go:43.2,43.75 1 0
github.com/vnykmshr/goflow/examples/rate_limiter/main.go:43.75,44.29 1 0
github.com/vnykmshr/goflow/examples/rate_limiter/main.go:44.29,47.4 2 0
github.com/vnykmshr/goflow/examples/rate_limiter/main.go:48.3,48.66 1 0
github.com/vnykmshr/goflow/examples/rate_limiter/main.go:51.2,51.70 1 0
github.com/vnykmshr/goflow/examples/rate_limiter/main.go:51.70,52.27 1 0
github.com/vnykmshr/goflow/examples/rate_limiter/main.go:52.27,55.4 2 0
github.com/vnykmshr/goflow/examples/rate_limiter/main.go:56.3,60.72 3 0
github.com/vnykmshr/goflow/examples/rate_limiter/main.go:63.2,77.36 7 0
github.com/vnykmshr/goflow/examples/streaming/main.go:16.13,25.15 5 0
github.com/vnykmshr/goflow/examples/streaming/main.go:25.15,26.35 1 0
github.com/vnykmshr/goflow/examples/streaming/main.go:26.35,28.4 1 0
github.com/vnykmshr/goflow/examples/streaming/main.go:31.2,32.27 1 0
github.com/vnykmshr/goflow/examples/streaming/main.go:32.27,34.4 1 0
github.com/vnykmshr/goflow/examples/streaming/main.go:35.23,37.4 1 0
github.com/vnykmshr/goflow/examples/streaming/main.go:40.2,40.16 1 0
github.com/vnykmshr/goflow/examples/streaming/main.go:40.16,42.3 1 0
github.com/vnykmshr/goflow/examples/streaming/main.go:44.2,54.15 6 0
github.com/vnykmshr/goflow/examples/streaming/main.go:54.15,55.36 1 0
github.com/vnykmshr/goflow/examples/streaming/main.go:55.36,57.4 1 0
github.com/vnykmshr/goflow/examples/streaming/main.go:60.2,61.30 1 0
github.com/vnykmshr/goflow/examples/streaming/main.go:61.30,63.4 1 0
github.com/vnykmshr/goflow/examples/streaming/main.go:64.29,66.4 1 0
github.com/vnykmshr/goflow/examples/streaming/main.go:69.2,69.16 1 0
github.com/vnykmshr/goflow/examples/streaming/main.go:69.16,71.3 1 0
github.com/vnykmshr/goflow/examples/streaming/main.go:73.2,80.16 4 0
github.com/vnykmshr/goflow/examples/streaming/main.go:80.16,82.3 1 0
github.com/vnykmshr/goflow/examples/streaming/main.go:83.2,83.15 1 0
github.com/vnykmshr/goflow/examples/streaming/main.go:83.15,86.3 2 0
github.com/vnykmshr/goflow/examples/streaming/main.go:89.2,93.26 3 0
github.com/vnykmshr/goflow/examples/streaming/main.go:93.26,97.17 3 0
github.com/vnykmshr/goflow/examples/streaming/main.go:97.17,99.4 1 0
github.com/vnykmshr/goflow/examples/streaming/main.go:99.9,101.4 1 0
github.com/vnykmshr/goflow/examples/streaming/main.go:103.3,103.36 1 0
github.com/vnykmshr/goflow/examples/streaming/main.go:107.2,108.44 2 0
github.com/vnykmshr/goflow/examples/streaming/main.go:108.44,110.3 1 0
github.com/vnykmshr/goflow/examples/streaming/main.go:113.2,114.16 2 0
github.com/vnykmshr/goflow/examples/streaming/main.go:114.16,116.3 1 0
github.com/vnykmshr/goflow/examples/streaming/main.go:116.8,118.3 1 0
github.com/vnykmshr/goflow/examples/streaming/main.go:121.2,137.15 5 0
github.com/vnykmshr/goflow/examples/streaming/main.go:137.15,138.36 1 0
github.com/vnykmshr/goflow/examples/streaming/main.go:138.36,140.4 1 0
github.com/vnykmshr/goflow/examples/streaming/main.go:143.2,144.34 1 0
github.com/vnykmshr/goflow/examples/streaming/main.go:144.34,146.4 1 0
github.com/vnykmshr/goflow/examples/streaming/main.go:147.33,149.22 1 0
github.com/vnykmshr/goflow/examples/streaming/main.go:149.22,151.5 1 0
github.com/vnykmshr/goflow/examples/streaming/main.go:152.4,152.16 1 0
github.com/vnykmshr/goflow/examples/streaming/main.go:156.2,156.16 1 0
github.com/vnykmshr/goflow/examples/streaming/main.go:156.16,158.3 1 0
github.com/vnykmshr/goflow/examples/streaming/main.go:160.2,162.54 2 0
github.com/vnykmshr/goflow/pkg/ratelimit/distributed/limiter.go:104.29,112.2 1 0
github.com/vnykmshr/goflow/pkg/ratelimit/distributed/limiter.go:129.68,130.47 1 0
github.com/vnykmshr/goflow/pkg/ratelimit/distributed/limiter.go:130.47,132.3 1 0
github.com/vnykmshr/goflow/pkg/ratelimit/distributed/limiter.go:134.2,136.50 2 0
github.com/vnykmshr/goflow/pkg/ratelimit/distributed/limiter.go:140.42,141.25 1 0
github.com/vnykmshr/goflow/pkg/ratelimit/distributed/limiter.go:141.25,143.3 1 0
github.com/vnykmshr/goflow/pkg/ratelimit/distributed/limiter.go:144.2,144.22 1 0
github.com/vnykmshr/goflow/pkg/ratelimit/distributed/limiter.go:144.22,146.3 1 0
github.com/vnykmshr/goflow/pkg/ratelimit/distributed/limiter.go:147.2,147.22 1 0
github.com/vnykmshr/goflow/pkg/ratelimit/distributed/limiter.go:147.22,149.3 1 0
github.com/vnykmshr/goflow/pkg/ratelimit/distributed/limiter.go:150.2,150.23 1 0
github.com/vnykmshr/goflow/pkg/ratelimit/distributed/limiter.go:150.23,152.3 1 0
github.com/vnykmshr/goflow/pkg/ratelimit/distributed/limiter.go:153.2,153.12 1 0
github.com/vnykmshr/goflow/pkg/ratelimit/distributed/limiter.go:157.48,158.29 1 0
github.com/vnykmshr/goflow/pkg/ratelimit/distributed/limiter.go:158.29,160.3 1 0
github.com/vnykmshr/goflow/pkg/ratelimit/distributed/limiter.go:161.2,161.30 1 0
github.com/vnykmshr/goflow/pkg/ratelimit/distributed/limiter.go:161.30,163.3 1 0
github.com/vnykmshr/goflow/pkg/ratelimit/distributed/limiter.go:164.2,164.33 1 0
github.com/vnykmshr/goflow/pkg/ratelimit/distributed/limiter.go:164.33,166.3 1 0
github.com/vnykmshr/goflow/pkg/ratelimit/distributed/limiter.go:167.2,167.24 1 0
github.com/vnykmshr/goflow/pkg/ratelimit/distributed/limiter.go:167.24,169.3 1 0
github.com/vnykmshr/goflow/pkg/ratelimit/distributed/limiter.go:170.2,170.15 1 0
github.com/vnykmshr/goflow/pkg/ratelimit/distributed/limiter.go:174.81,175.18 1 0
github.com/vnykmshr/goflow/pkg/ratelimit/distributed/limiter.go:176.19,177.37 1 0
github.com/vnykmshr/goflow/pkg/ratelimit/distributed/limiter.go:178.21,179.39 1 0
github.com/vnykmshr/goflow/pkg/ratelimit/distributed/limiter.go:180.19,181.37 1 0
github.com/vnykmshr/goflow/pkg/ratelimit/distributed/limiter.go:182.10,183.51 1 0
github.com/vnykmshr/goflow/pkg/ratelimit/distributed/limiter.go:192.38,194.2 1 0
github.com/vnykmshr/goflow/pkg/ratelimit/distributed/limiter.go:202.37,204.2 1 0
github.com/vnykmshr/goflow/pkg/ratelimit/distributed/limiter.go:206.37,208.2 1 0
github.com/vnykmshr/goflow/pkg/ratelimit/distributed/redis_fixed_window.go:22.58,32.61 3 0
github.com/vnykmshr/goflow/pkg/ratelimit/distributed/redis_fixed_window.go:32.61,34.3 1 0
github.com/vnykmshr/goflow/pkg/ratelimit/distributed/redis_fixed_window.go:36.2,36.17 1 0
github.com/vnykmshr/goflow/pkg/ratelimit/distributed/redis_fixed_window.go:40.68,67.16 11 0
github.com/vnykmshr/goflow/pkg/ratelimit/distributed/redis_fixed_window.go:67.16,69.3 1 0
github.com/vnykmshr/goflow/pkg/ratelimit/distributed/redis_fixed_window.go:71.2,71.12 1 0
github.com/vnykmshr/goflow/pkg/ratelimit/distributed/redis_fixed_window.go:75.63,79.2 2 0
github.com/vnykmshr/goflow/pkg/ratelimit/distributed/redis_fixed_window.go:82.62,84.2 1 0
github.com/vnykmshr/goflow/pkg/ratelimit/distributed/redis_fixed_window.go:87.70,88.12 1 0
github.com/vnykmshr/goflow/pkg/ratelimit/distributed/redis_fixed_window.go:88.12,90.3 1 0
github.com/vnykmshr/goflow/pkg/ratelimit/distributed/redis_fixed_window.go:92.2,107.16 6 0
github.com/vnykmshr/goflow/pkg/ratelimit/distributed/redis_fixed_window.go:107.16,109.67 1 0
github.com/vnykmshr/goflow/pkg/ratelimit/distributed/redis_fixed_window.go:109.67,111.4 1 0
github.com/vnykmshr/goflow/pkg/ratelimit/distributed/redis_fixed_window.go:112.3,112.15 1 0
github.com/vnykmshr/goflow/pkg/ratelimit/distributed/redis_fixed_window.go:115.2,116.27 2 0
github.com/vnykmshr/goflow/pkg/ratelimit/distributed/redis_fixed_window.go:120.62,122.2 1 0
github.com/vnykmshr/goflow/pkg/ratelimit/distributed/redis_fixed_window.go:125.70,126.12 1 0
github.com/vnykmshr/goflow/pkg/ratelimit/distributed/redis_fixed_window.go:126.12,128.3 1 0
github.com/vnykmshr/goflow/pkg/ratelimit/distributed/redis_fixed_window.go:131.2,134.6 3 0
github.com/vnykmshr/goflow/pkg/ratelimit/distributed/redis_fixed_window.go:134.6,135.25 1 0
github.com/vnykmshr/goflow/pkg/ratelimit/distributed/redis_fixed_window.go:135.25,137.4 1 0
github.com/vnykmshr/goflow/pkg/ratelimit/distributed/redis_fixed_window.go:139.3,139.10 1 0
github.com/vnykmshr/goflow/pkg/ratelimit/distributed/redis_fixed_window.go:140.19,141.12 1 0
github.com/vnykmshr/goflow/pkg/ratelimit/distributed/redis_fixed_window.go:142.21,143.20 1 0
github.com/vnykmshr/goflow/pkg/ratelimit/distributed/redis_fixed_window.go:149.88,150.12 1 0
github.com/vnykmshr/goflow/pkg/ratelimit/distributed/redis_fixed_window.go:150.12,152.3 1 0
github.com/vnykmshr/goflow/pkg/ratelimit/distributed/redis_fixed_window.go:155.2,155.24 1 0
github.com/vnykmshr/goflow/pkg/ratelimit/distributed/redis_fixed_window.go:155.24,163.3 1 0
github.com/vnykmshr/goflow/pkg/ratelimit/distributed/redis_fixed_window.go:166.2,176.8 4 0
github.com/vnykmshr/goflow/pkg/ratelimit/distributed/redis_fixed_window.go:180.79,181.15 1 0
github.com/vnykmshr/goflow/pkg/ratelimit/distributed/redis_fixed_window.go:181.15,183.3 1 0
github.com/vnykmshr/goflow/pkg/ratelimit/distributed/redis_fixed_window.go:185.2,189.16 4 0
github.com/vnykmshr/goflow/pkg/ratelimit/distributed/redis_fixed_window.go:189.16,191.3 1 0
github.com/vnykmshr/goflow/pkg/ratelimit/distributed/redis_fixed_window.go:193.2,194.12 2 0
github.com/vnykmshr/goflow/pkg/ratelimit/distributed/redis_fixed_window.go:198.77,199.16 1 0
github.com/vnykmshr/goflow/pkg/ratelimit/distributed/redis_fixed_window.go:199.16,201.3 1 0
github.com/vnykmshr/goflow/pkg/ratelimit/distributed/redis_fixed_window.go:203.2,207.16 4 0
github.com/vnykmshr/goflow/pkg/ratelimit/distributed/redis_fixed_window.go:207.16,209.3 1 0
github.com/vnykmshr/goflow/pkg/ratelimit/distributed/redis_fixed_window.go:211.2,212.12 2 0
github.com/vnykmshr/goflow/pkg/ratelimit/distributed/redis_fixed_window.go:216.73,232.36 11 0
github.com/vnykmshr/goflow/pkg/ratelimit/distributed/redis_fixed_window.go:232.36,234.3 1 0
github.com/vnykmshr/goflow/pkg/ratelimit/distributed/redis_fixed_window.go:236.2,259.8 11 0
github.com/vnykmshr/goflow/pkg/ratelimit/distributed/redis_fixed_window.go:263.63,270.31 4 0
github.com/vnykmshr/goflow/pkg/ratelimit/distributed/redis_fixed_window.go:270.31,272.3 1 0
github.com/vnykmshr/goflow/pkg/ratelimit/distributed/redis_fixed_window.go:274.2,275.16 2 0
github.com/vnykmshr/goflow/pkg/ratelimit/distributed/redis_fixed_window.go:275.16,277.3 1 0
github.com/vnykmshr/goflow/pkg/ratelimit/distributed/redis_fixed_window.go:279.2,279.28 1 0
github.com/vnykmshr/goflow/pkg/ratelimit/distributed/redis_fixed_window.go:283.44,288.2 3 0
github.com/vnykmshr/goflow/pkg/ratelimit/distributed/redis_sliding_window.go:23.60,34.61 4 0
github.com/vnykmshr/goflow/pkg/ratelimit/distributed/redis_sliding_window.go:34.61,36.3 1 0
github.com/vnykmshr/goflow/pkg/ratelimit/distributed/redis_sliding_window.go:38.2,38.17 1 0
github.com/vnykmshr/goflow/pkg/ratelimit/distributed/redis_sliding_window.go:42.70,69.16 11 0
github.com/vnykmshr/goflow/pkg/ratelimit/distributed/redis_sliding_window.go:69.16,71.3 1 0
github.com/vnykmshr/goflow/pkg/ratelimit/distributed/redis_sliding_window.go:73.2,73.12 1 0
github.com/vnykmshr/goflow/pkg/ratelimit/distributed/redis_sliding_window.go:77.64,79.2 1 0
github.com/vnykmshr/goflow/pkg/ratelimit/distributed/redis_sliding_window.go:82.72,83.12 1 0
github.com/vnykmshr/goflow/pkg/ratelimit/distributed/redis_sliding_window.go:83.12,85.3 1 0
github.com/vnykmshr/goflow/pkg/ratelimit/distributed/redis_sliding_window.go:87.2,103.16 6 0
github.com/vnykmshr/goflow/pkg/ratelimit/distributed/redis_sliding_window.go:103.16,105.67 1 0
github.com/vnykmshr/goflow/pkg/ratelimit/distributed/redis_sliding_window.go:105.67,107.4 1 0
github.com/vnykmshr/goflow/pkg/ratelimit/distributed/redis_sliding_window.go:108.3,108.15 1 0
github.com/vnykmshr/goflow/pkg/ratelimit/distributed/redis_sliding_window.go:111.2,112.27 2 0
github.com/vnykmshr/goflow/pkg/ratelimit/distributed/redis_sliding_window.go:116.64,118.2 1 0
github.com/vnykmshr/goflow/pkg/ratelimit/distributed/redis_sliding_window.go:121.72,122.12 1 0
github.com/vnykmshr/goflow/pkg/ratelimit/distributed/redis_sliding_window.go:122.12,124.3 1 0
github.com/vnykmshr/goflow/pkg/ratelimit/distributed/redis_sliding_window.go:127.2,130.6 3 0
github.com/vnykmshr/goflow/pkg/ratelimit/distributed/redis_sliding_window.go:130.6,131.25 1 0
github.com/vnykmshr/goflow/pkg/ratelimit/distributed/redis_sliding_window.go:131.25,133.4 1 0
github.com/vnykmshr/goflow/pkg/ratelimit/distributed/redis_sliding_window.go:135.3,135.10 1 0
github.com/vnykmshr/goflow/pkg/ratelimit/distributed/redis_sliding_window.go:136.19,137.12 1 0
github.com/vnykmshr/goflow/pkg/ratelimit/distributed/redis_sliding_window.go:138.21,139.20 1 0
github.com/vnykmshr/goflow/pkg/ratelimit/distributed/redis_sliding_window.go:145.90,146.12 1 0
github.com/vnykmshr/goflow/pkg/ratelimit/distributed/redis_sliding_window.go:146.12,148.3 1 0
github.com/vnykmshr/goflow/pkg/ratelimit/distributed/redis_sliding_window.go:151.2,151.24 1 0
github.com/vnykmshr/goflow/pkg/ratelimit/distributed/redis_sliding_window.go:151.24,159.3 1 0
github.com/vnykmshr/goflow/pkg/ratelimit/distributed/redis_sliding_window.go:162.2,169.8 2 0
github.com/vnykmshr/goflow/pkg/ratelimit/distributed/redis_sliding_window.go:173.81,174.15 1 0
github.com/vnykmshr/goflow/pkg/ratelimit/distributed/redis_sliding_window.go:174.15,176.3 1 0
github.com/vnykmshr/goflow/pkg/ratelimit/distributed/redis_sliding_window.go:178.2,182.16 4 0
github.com/vnykmshr/goflow/pkg/ratelimit/distributed/redis_sliding_window.go:182.16,184.3 1 0
github.com/vnykmshr/goflow/pkg/ratelimit/distributed/redis_sliding_window.go:186.2,187.12 2 0
github.com/vnykmshr/goflow/pkg/ratelimit/distributed/redis_sliding_window.go:191.79,192.16 1 0
github.com/vnykmshr/goflow/pkg/ratelimit/distributed/redis_sliding_window.go:192.16,194.3 1 0
github.com/vnykmshr/goflow/pkg/ratelimit/distributed/redis_sliding_window.go:196.2,200.16 4 0
github.com/vnykmshr/goflow/pkg/ratelimit/distributed/redis_sliding_window.go:200.16,202.3 1 0
github.com/vnykmshr/goflow/pkg/ratelimit/distributed/redis_sliding_window.go:204.2,205.12 2 0
github.com/vnykmshr/goflow/pkg/ratelimit/distributed/redis_sliding_window.go:209.75,227.36 11 0
github.com/vnykmshr/goflow/pkg/ratelimit/distributed/redis_sliding_window.go:227.36,229.3 1 0
github.com/vnykmshr/goflow/pkg/ratelimit/distributed/redis_sliding_window.go:231.2,253.8 10 0
github.com/vnykmshr/goflow/pkg/ratelimit/distributed/redis_sliding_window.go:257.65,262.31 4 0
github.com/vnykmshr/goflow/pkg/ratelimit/distributed/redis_sliding_window.go:262.31,264.3 1 0
github.com/vnykmshr/goflow/pkg/ratelimit/distributed/redis_sliding_window.go:266.2,267.16 2 0
github.com/vnykmshr/goflow/pkg/ratelimit/distributed/redis_sliding_window.go:267.16,269.3 1 0
github.com/vnykmshr/goflow/pkg/ratelimit/distributed/redis_sliding_window.go:271.2,271.28 1 0
github.com/vnykmshr/goflow/pkg/ratelimit/distributed/redis_sliding_window.go:275.46,280.2 3 0
github.com/vnykmshr/goflow/pkg/ratelimit/distributed/redis_token_bucket.go:24.58,36.61 5 0
github.com/vnykmshr/goflow/pkg/ratelimit/distributed/redis_token_bucket.go:36.61,38.3 1 0
github.com/vnykmshr/goflow/pkg/ratelimit/distributed/redis_token_bucket.go:40.2,40.17 1 0
github.com/vnykmshr/goflow/pkg/ratelimit/distributed/redis_token_bucket.go:44.68,66.16 11 0
github.com/vnykmshr/goflow/pkg/ratelimit/distributed/redis_token_bucket.go:66.16,68.3 1 0
github.com/vnykmshr/goflow/pkg/ratelimit/distributed/redis_token_bucket.go:70.2,70.12 1 0
github.com/vnykmshr/goflow/pkg/ratelimit/distributed/redis_token_bucket.go:74.62,76.2 1 0
github.com/vnykmshr/goflow/pkg/ratelimit/distributed/redis_token_bucket.go:79.70,80.12 1 0
github.com/vnykmshr/goflow/pkg/ratelimit/distributed/redis_token_bucket.go:80.12,82.3 1 0
github.com/vnykmshr/goflow/pkg/ratelimit/distributed/redis_token_bucket.go:84.2,85.16 2 0
github.com/vnykmshr/goflow/pkg/ratelimit/distributed/redis_token_bucket.go:85.16,87.67 1 0
github.com/vnykmshr/goflow/pkg/ratelimit/distributed/redis_token_bucket.go:87.67,89.4 1 0
github.com/vnykmshr/goflow/pkg/ratelimit/distributed/redis_token_bucket.go:90.3,90.15 1 0
github.com/vnykmshr/goflow/pkg/ratelimit/distributed/redis_token_bucket.go:93.2,93.49 1 0
github.com/vnykmshr/goflow/pkg/ratelimit/distributed/redis_token_bucket.go:97.62,99.2 1 0
github.com/vnykmshr/goflow/pkg/ratelimit/distributed/redis_token_bucket.go:102.70,103.12 1 0
github.com/vnykmshr/goflow/pkg/ratelimit/distributed/redis_token_bucket.go:103.12,105.3 1 0
github.com/vnykmshr/goflow/pkg/ratelimit/distributed/redis_token_bucket.go:107.2,108.16 2 0
github.com/vnykmshr/goflow/pkg/ratelimit/distributed/redis_token_bucket.go:108.16,110.67 1 0
github.com/vnykmshr/goflow/pkg/ratelimit/distributed/redis_token_bucket.go:110.67,112.4 1 0
github.com/vnykmshr/goflow/pkg/ratelimit/distributed/redis_token_bucket.go:113.3,113.13 1 0
github.com/vnykmshr/goflow/pkg/ratelimit/distributed/redis_token_bucket.go:116.2,116.21 1 0
github.com/vnykmshr/goflow/pkg/ratelimit/distributed/redis_token_bucket.go:116.21,118.3 1 0
github.com/vnykmshr/goflow/pkg/ratelimit/distributed/redis_token_bucket.go:120.2,120.27 1 0
github.com/vnykmshr/goflow/pkg/ratelimit/distributed/redis_token_bucket.go:120.27,124.10 3 0
github.com/vnykmshr/goflow/pkg/ratelimit/distributed/redis_token_bucket.go:125.18,126.14 1 0
github.com/vnykmshr/goflow/pkg/ratelimit/distributed/redis_token_bucket.go:127.21,128.20 1 0
github.com/vnykmshr/goflow/pkg/ratelimit/distributed/redis_token_bucket.go:132.2,132.12 1 0
github.com/vnykmshr/goflow/pkg/ratelimit/distributed/redis_token_bucket.go:136.88,137.12 1 0
github.com/vnykmshr/goflow/pkg/ratelimit/distributed/redis_token_bucket.go:137.12,139.3 1 0
github.com/vnykmshr/goflow/pkg/ratelimit/distributed/redis_token_bucket.go:141.2,156.16 5 0
github.com/vnykmshr/goflow/pkg/ratelimit/distributed/redis_token_bucket.go:156.16,158.3 1 0
github.com/vnykmshr/goflow/pkg/ratelimit/distributed/redis_token_bucket.go:161.2,162.34 2 0
github.com/vnykmshr/goflow/pkg/ratelimit/distributed/redis_token_bucket.go:162.34,164.3 1 0
github.com/vnykmshr/goflow/pkg/ratelimit/distributed/redis_token_bucket.go:166.2,181.25 7 0
github.com/vnykmshr/goflow/pkg/ratelimit/distributed/redis_token_bucket.go:185.79,186.15 1 0
github.com/vnykmshr/goflow/pkg/ratelimit/distributed/redis_token_bucket.go:186.15,188.3 1 0
github.com/vnykmshr/goflow/pkg/ratelimit/distributed/redis_token_bucket.go:190.2,194.16 4 0
github.com/vnykmshr/goflow/pkg/ratelimit/distributed/redis_token_bucket.go:194.16,196.3 1 0
github.com/vnykmshr/goflow/pkg/ratelimit/distributed/redis_token_bucket.go:198.2,199.12 2 0
github.com/vnykmshr/goflow/pkg/ratelimit/distributed/redis_token_bucket.go:203.77,204.16 1 0
github.com/vnykmshr/goflow/pkg/ratelimit/distributed/redis_token_bucket.go:204.16,206.3 1 0
github.com/vnykmshr/goflow/pkg/ratelimit/distributed/redis_token_bucket.go:208.2,212.16 4 0
github.com/vnykmshr/goflow/pkg/ratelimit/distributed/redis_token_bucket.go:212.16,214.3 1 0
github.com/vnykmshr/goflow/pkg/ratelimit/distributed/redis_token_bucket.go:216.2,217.12 2 0
github.com/vnykmshr/goflow/pkg/ratelimit/distributed/redis_token_bucket.go:221.73,234.36 10 0
github.com/vnykmshr/goflow/pkg/ratelimit/distributed/redis_token_bucket.go:234.36,236.3 1 0
github.com/vnykmshr/goflow/pkg/ratelimit/distributed/redis_token_bucket.go:238.2,239.43 2 0
github.com/vnykmshr/goflow/pkg/ratelimit/distributed/redis_token_bucket.go:239.43,240.68 1 0
github.com/vnykmshr/goflow/pkg/ratelimit/distributed/redis_token_bucket.go:240.68,242.4 1 0
github.com/vnykmshr/goflow/pkg/ratelimit/distributed/redis_token_bucket.go:243.3,243.11 1 0
github.com/vnykmshr/goflow/pkg/ratelimit/distributed/redis_token_bucket.go:246.2,266.8 9 0
github.com/vnykmshr/goflow/pkg/ratelimit/distributed/redis_token_bucket.go:270.63,276.31 4 0
github.com/vnykmshr/goflow/pkg/ratelimit/distributed/redis_token_bucket.go:276.31,278.3 1 0
github.com/vnykmshr/goflow/pkg/ratelimit/distributed/redis_token_bucket.go:280.2,281.16 2 0
github.com/vnykmshr/goflow/pkg/ratelimit/distributed/redis_token_bucket.go:281.16,283.3 1 0
github.com/vnykmshr/goflow/pkg/ratelimit/distributed/redis_token_bucket.go:286.2,286.28 1 0
github.com/vnykmshr/goflow/pkg/ratelimit/distributed/redis_token_bucket.go:290.44,296.2 3 0
github.com/vnykmshr/goflow/pkg/ratelimit/distributed/utils.go:11.34,17.50 4 0
github.com/vnykmshr/goflow/pkg/ratelimit/distributed/utils.go:17.50,23.3 1 0
github.com/vnykmshr/goflow/pkg/ratelimit/distributed/utils.go:25.2,26.49 1 0
github.com/vnykmshr/goflow/pkg/ratelimit/distributed/utils.go:30.49,39.2 1 0
github.com/vnykmshr/goflow/pkg/ratelimit/distributed/utils.go:42.39,44.2 1 0
github.com/vnykmshr/goflow/pkg/ratelimit/distributed/utils.go:47.39,49.2 1 0
github.com/vnykmshr/goflow/pkg/ratelimit/distributed/utils.go:52.37,53.11 1 0
github.com/vnykmshr/goflow/pkg/ratelimit/distributed/utils.go:53.11,55.3 1 0
github.com/vnykmshr/goflow/pkg/ratelimit/distributed/utils.go:56.2,56.10 1 0
github.com/vnykmshr/goflow/examples/web-service/main.go:53.54,56.16 2 0
github.com/vnykmshr/goflow/examples/web-service/main.go:56.16,58.3 1 0
github.com/vnykmshr/goflow/examples/web-service/main.go:60.2,61.16 2 0
github.com/vnykmshr/goflow/examples/web-service/main.go:61.16,63.3 1 0
github.com/vnykmshr/goflow/examples/web-service/main.go:66.2,67.16 2 0
github.com/vnykmshr/goflow/examples/web-service/main.go:67.16,69.3 1 0
github.com/vnykmshr/goflow/examples/web-service/main.go:71.2,72.16 2 0
github.com/vnykmshr/goflow/examples/web-service/main.go:72.16,74.3 1 0
github.com/vnykmshr/goflow/examples/web-service/main.go:77.2,84.16 3 0
github.com/vnykmshr/goflow/examples/web-service/main.go:84.16,86.3 1 0
github.com/vnykmshr/goflow/examples/web-service/main.go:89.2,118.16 8 0
github.com/vnykmshr/goflow/examples/web-service/main.go:122.45,124.93 1 0
github.com/vnykmshr/goflow/examples/web-service/main.go:124.93,128.24 2 0
github.com/vnykmshr/goflow/examples/web-service/main.go:128.24,130.4 1 0
github.com/vnykmshr/goflow/examples/web-service/main.go:132.3,134.19 3 0
github.com/vnykmshr/goflow/examples/web-service/main.go:138.2,138.91 1 0
github.com/vnykmshr/goflow/examples/web-service/main.go:138.91,147.3 5 0
github.com/vnykmshr/goflow/examples/web-service/main.go:150.2,150.94 1 0
github.com/vnykmshr/goflow/examples/web-service/main.go:150.94,154.45 2 0
github.com/vnykmshr/goflow/examples/web-service/main.go:154.45,156.4 1 0
github.com/vnykmshr/goflow/examples/web-service/main.go:158.3,161.19 3 0
github.com/vnykmshr/goflow/examples/web-service/main.go:165.2,165.92 1 0
github.com/vnykmshr/goflow/examples/web-service/main.go:165.92,173.3 4 0
github.com/vnykmshr/goflow/examples/web-service/main.go:177.55,196.2 7 0
github.com/vnykmshr/goflow/examples/web-service/main.go:199.104,200.54 1 0
github.com/vnykmshr/goflow/examples/web-service/main.go:200.54,201.23 1 0
github.com/vnykmshr/goflow/examples/web-service/main.go:201.23,204.4 2 0
github.com/vnykmshr/goflow/examples/web-service/main.go:205.3,205.16 1 0
github.com/vnykmshr/goflow/examples/web-service/main.go:210.116,211.54 1 0
github.com/vnykmshr/goflow/examples/web-service/main.go:211.54,212.25 1 0
github.com/vnykmshr/goflow/examples/web-service/main.go:212.25,215.4 2 0
github.com/vnykmshr/goflow/examples/web-service/main.go:216.3,218.16 2 0
github.com/vnykmshr/goflow/examples/web-service/main.go:223.75,224.18 1 0
github.com/vnykmshr/goflow/examples/web-service/main.go:225.13,226.112 1 0
github.com/vnykmshr/goflow/examples/web-service/main.go:226.112,228.4 1 0
github.com/vnykmshr/goflow/examples/web-service/main.go:229.22,230.85 1 0
github.com/vnykmshr/goflow/examples/web-service/main.go:230.85,232.4 1 0
github.com/vnykmshr/goflow/examples/web-service/main.go:233.10,234.67 1 0
github.com/vnykmshr/goflow/examples/web-service/main.go:239.84,240.32 1 0
github.com/vnykmshr/goflow/examples/web-service/main.go:240.32,243.3 2 0
github.com/vnykmshr/goflow/examples/web-service/main.go:246.2,257.16 5 0
github.com/vnykmshr/goflow/examples/web-service/main.go:257.16,260.3 2 0
github.com/vnykmshr/goflow/examples/web-service/main.go:262.2,263.58 1 0
github.com/vnykmshr/goflow/examples/web-service/main.go:263.58,265.3 1 0
github.com/vnykmshr/goflow/examples/web-service/main.go:269.76,270.32 1 0
github.com/vnykmshr/goflow/examples/web-service/main.go:270.32,273.3 2 0
github.com/vnykmshr/goflow/examples/web-service/main.go:276.2,277.101 2 0
github.com/vnykmshr/goflow/examples/web-service/main.go:277.101,279.3 1 0
github.com/vnykmshr/goflow/examples/web-service/main.go:283.83,286.118 2 0
github.com/vnykmshr/goflow/examples/web-service/main.go:286.118,288.3 1 0
github.com/vnykmshr/goflow/examples/web-service/main.go:292.82,295.109 2 0
github.com/vnykmshr/goflow/examples/web-service/main.go:295.109,297.3 1 0
github.com/vnykmshr/goflow/examples/web-service/main.go:301.84,302.32 1 0
github.com/vnykmshr/goflow/examples/web-service/main.go:302.32,305.3 2 0
github.com/vnykmshr/goflow/examples/web-service/main.go:308.2,308.62 1 0
github.com/vnykmshr/goflow/examples/web-service/main.go:308.62,310.10 1 0
github.com/vnykmshr/goflow/examples/web-service/main.go:311.38,313.14 2 0
github.com/vnykmshr/goflow/examples/web-service/main.go:314.21,315.20 1 0
github.com/vnykmshr/goflow/examples/web-service/main.go:319.2,320.16 2 0
github.com/vnykmshr/goflow/examples/web-service/main.go:320.16,323.3 2 0
github.com/vnykmshr/goflow/examples/web-service/main.go:326.2,326.88 1 0
github.com/vnykmshr/goflow/examples/web-service/main.go:326.88,328.3 1 0
github.com/vnykmshr/goflow/examples/web-service/main.go:332.76,350.16 4 0
github.com/vnykmshr/goflow/examples/web-service/main.go:350.16,354.3 3 0
github.com/vnykmshr/goflow/examples/web-service/main.go:356.2,356.47 1 0
github.com/vnykmshr/goflow/examples/web-service/main.go:356.47,358.3 1 0
github.com/vnykmshr/goflow/examples/web-service/main.go:362.56,365.16 2 0
github.com/vnykmshr/goflow/examples/web-service/main.go:365.16,367.3 1 0
github.com/vnykmshr/goflow/examples/web-service/main.go:370.2,370.49 1 0
github.com/vnykmshr/goflow/examples/web-service/main.go:370.49,372.3 1 0
github.com/vnykmshr/goflow/examples/web-service/main.go:375.2,375.12 1 0
github.com/vnykmshr/goflow/examples/web-service/main.go:375.12,384.87 8 0
github.com/vnykmshr/goflow/examples/web-service/main.go:384.87,386.4 1 0
github.com/vnykmshr/goflow/examples/web-service/main.go:390.2,392.22 2 0
github.com/vnykmshr/goflow/examples/web-service/main.go:396.51,398.110 1 0
github.com/vnykmshr/goflow/examples/web-service/main.go:398.110,403.3 4 0
github.com/vnykmshr/goflow/examples/web-service/main.go:404.2,404.16 1 0
github.com/vnykmshr/goflow/examples/web-service/main.go:404.16,406.3 1 0
github.com/vnykmshr/goflow/examples/web-service/main.go:408.2,408.12 1 0
github.com/vnykmshr/goflow/examples/web-service/main.go:412.40,420.60 4 0
github.com/vnykmshr/goflow/examples/web-service/main.go:420.60,422.3 1 0
github.com/vnykmshr/goflow/examples/web-service/main.go:425.2,431.12 4 0
github.com/vnykmshr/goflow/examples/web-service/main.go:435.37,436.9 1 0
github.com/vnykmshr/goflow/examples/web-service/main.go:437.20,438.19 1 0
github.com/vnykmshr/goflow/examples/web-service/main.go:439.21,440.20 1 0
github.com/vnykmshr/goflow/examples/web-service/main.go:441.10,442.17 1 0
github.com/vnykmshr/goflow/examples/web-service/main.go:446.13,449.16 2 0
github.com/vnykmshr/goflow/examples/web-service/main.go:449.16,451.3 1 0
github.com/vnykmshr/goflow/examples/web-service/main.go:454.2,455.16 2 0
github.com/vnykmshr/goflow/examples/web-service/main.go:455.16,457.3 1 0
github.com/vnykmshr/goflow/examples/web-service/main.go:460.2,466.12 5 0
github.com/vnykmshr/goflow/examples/web-service/main.go:466.12,470.3 3 0
github.com/vnykmshr/goflow/examples/web-service/main.go:473.2,473.43 1 0
github.com/vnykmshr/goflow/examples/web-service/main.go:473.43,475.3 1 0
github.com/vnykmshr/goflow/pkg/scheduling/pipeline/pipeline.go:28.91,30.2 1 1
github.com/vnykmshr/goflow/pkg/scheduling/pipeline/pipeline.go:33.36,35.2 1 1
github.com/vnykmshr/goflow/pkg/scheduling/pipeline/pipeline.go:38.108,40.2 1 1
github.com/vnykmshr/goflow/pkg/scheduling/pipeline/pipeline.go:180.21,184.2 1 1
github.com/vnykmshr/goflow/pkg/scheduling/pipeline/pipeline.go:187.44,195.2 1 1
github.com/vnykmshr/goflow/pkg/scheduling/pipeline/pipeline.go:198.85,202.2 3 1
github.com/vnykmshr/goflow/pkg/scheduling/pipeline/pipeline.go:205.88,208.12 2 1
github.com/vnykmshr/goflow/pkg/scheduling/pipeline/pipeline.go:208.12,219.38 4 1
github.com/vnykmshr/goflow/pkg/scheduling/pipeline/pipeline.go:219.38,221.4 1 1
github.com/vnykmshr/goflow/pkg/scheduling/pipeline/pipeline.go:224.3,224.27 1 1
github.com/vnykmshr/goflow/pkg/scheduling/pipeline/pipeline.go:224.27,228.4 3 1
github.com/vnykmshr/goflow/pkg/scheduling/pipeline/pipeline.go:231.3,243.41 7 1
github.com/vnykmshr/goflow/pkg/scheduling/pipeline/pipeline.go:243.41,245.4 1 1
github.com/vnykmshr/goflow/pkg/scheduling/pipeline/pipeline.go:247.3,247.21 1 1
github.com/vnykmshr/goflow/pkg/scheduling/pipeline/pipeline.go:250.2,250.17 1 1
github.com/vnykmshr/goflow/pkg/scheduling/pipeline/pipeline.go:254.111,257.33 2 1
github.com/vnykmshr/goflow/pkg/scheduling/pipeline/pipeline.go:257.33,258.10 1 1
github.com/vnykmshr/goflow/pkg/scheduling/pipeline/pipeline.go:259.21,260.35 1 0
github.com/vnykmshr/goflow/pkg/scheduling/pipeline/pipeline.go:261.11,261.11 0 1
github.com/vnykmshr/goflow/pkg/scheduling/pipeline/pipeline.go:264.3,267.31 3 1
github.com/vnykmshr/goflow/pkg/scheduling/pipeline/pipeline.go:267.31,268.31 1 1
github.com/vnykmshr/goflow/pkg/scheduling/pipeline/pipeline.go:268.31,270.5 1 1
github.com/vnykmshr/goflow/pkg/scheduling/pipeline/pipeline.go:272.4,272.28 1 1
github.com/vnykmshr/goflow/pkg/scheduling/pipeline/pipeline.go:272.28,274.5 1 1
github.com/vnykmshr/goflow/pkg/scheduling/pipeline/pipeline.go:275.9,277.4 1 1
github.com/vnykmshr/goflow/pkg/scheduling/pipeline/pipeline.go:280.2,280.27 1 1
github.com/vnykmshr/goflow/pkg/scheduling/pipeline/pipeline.go:284.98,288.34 2 1
github.com/vnykmshr/goflow/pkg/scheduling/pipeline/pipeline.go:288.34,290.3 1 1
github.com/vnykmshr/goflow/pkg/scheduling/pipeline/pipeline.go:292.2,296.32 3 1
github.com/vnykmshr/goflow/pkg/scheduling/pipeline/pipeline.go:296.32,298.3 1 1
github.com/vnykmshr/goflow/pkg/scheduling/pipeline/pipeline.go:298.8,300.3 1 1
github.com/vnykmshr/goflow/pkg/scheduling/pipeline/pipeline.go:302.2,319.37 5 1
github.com/vnykmshr/goflow/pkg/scheduling/pipeline/pipeline.go:319.37,321.3 1 1
github.com/vnykmshr/goflow/pkg/scheduling/pipeline/pipeline.go:323.2,323.20 1 1
github.com/vnykmshr/goflow/pkg/scheduling/pipeline/pipeline.go:327.113,331.66 3 1
github.com/vnykmshr/goflow/pkg/scheduling/pipeline/pipeline.go:331.66,333.17 2 1
github.com/vnykmshr/goflow/pkg/scheduling/pipeline/pipeline.go:333.17,336.4 2 0
github.com/vnykmshr/goflow/pkg/scheduling/pipeline/pipeline.go:337.3,338.13 2 1
github.com/vnykmshr/goflow/pkg/scheduling/pipeline/pipeline.go:342.2,342.57 1 1
github.com/vnykmshr/goflow/pkg/scheduling/pipeline/pipeline.go:342.57,344.3 1 0
github.com/vnykmshr/goflow/pkg/scheduling/pipeline/pipeline.go:347.2,347.9 1 1
github.com/vnykmshr/goflow/pkg/scheduling/pipeline/pipeline.go:348.28,349.21 1 1
github.com/vnykmshr/goflow/pkg/scheduling/pipeline/pipeline.go:350.24,351.20 1 0
github.com/vnykmshr/goflow/pkg/scheduling/pipeline/pipeline.go:352.20,353.26 1 0
github.com/vnykmshr/goflow/pkg/scheduling/pipeline/pipeline.go:358.51,365.60 4 1
github.com/vnykmshr/goflow/pkg/scheduling/pipeline/pipeline.go:365.60,369.3 1 1
github.com/vnykmshr/goflow/pkg/scheduling/pipeline/pipeline.go:371.2,371.10 1 1
github.com/vnykmshr/goflow/pkg/scheduling/pipeline/pipeline.go:375.125,377.2 1 1
github.com/vnykmshr/goflow/pkg/scheduling/pipeline/pipeline.go:380.65,385.2 4 1
github.com/vnykmshr/goflow/pkg/scheduling/pipeline/pipeline.go:388.63,393.2 4 1
github.com/vnykmshr/goflow/pkg/scheduling/pipeline/pipeline.go:396.40,403.2 5 1
github.com/vnykmshr/goflow/pkg/scheduling/pipeline/pipeline.go:406.34,413.39 5 1
github.com/vnykmshr/goflow/pkg/scheduling/pipeline/pipeline.go:413.39,415.3 1 1
github.com/vnykmshr/goflow/pkg/scheduling/pipeline/pipeline.go:418.2,418.35 1 1
github.com/vnykmshr/goflow/pkg/scheduling/pipeline/pipeline.go:418.35,420.3 1 1
github.com/vnykmshr/goflow/pkg/scheduling/pipeline/pipeline.go:422.2,422.18 1 1
github.com/vnykmshr/goflow/pkg/scheduling/pipeline/pipeline.go:426.48,434.25 6 1
github.com/vnykmshr/goflow/pkg/scheduling/pipeline/pipeline.go:434.25,436.3 1 1
github.com/vnykmshr/goflow/pkg/scheduling/pipeline/pipeline.go:436.8,438.3 1 1
github.com/vnykmshr/goflow/pkg/scheduling/pipeline/pipeline.go:442.75,447.13 4 1
github.com/vnykmshr/goflow/pkg/scheduling/pipeline/pipeline.go:447.13,449.3 1 0
github.com/vnykmshr/goflow/pkg/scheduling/pipeline/pipeline.go:451.2,454.25 3 1
github.com/vnykmshr/goflow/pkg/scheduling/pipeline/pipeline.go:454.25,456.3 1 1
github.com/vnykmshr/goflow/pkg/scheduling/pipeline/pipeline.go:456.8,458.3 1 1
github.com/vnykmshr/goflow/pkg/scheduling/pipeline/pipeline.go:461.2,461.30 1 1
github.com/vnykmshr/goflow/pkg/scheduling/pipeline/pipeline.go:461.30,463.3 1 1
github.com/vnykmshr/goflow/pkg/scheduling/pipeline/pipeline.go:465.2,465.39 1 1
github.com/vnykmshr/goflow/examples/distributed-rate-limiting/main.go:19.13,20.48 1 0
github.com/vnykmshr/goflow/examples/distributed-rate-limiting/main.go:20.48,23.3 2 0
github.com/vnykmshr/goflow/examples/distributed-rate-limiting/main.go:25.2,33.15 4 0
github.com/vnykmshr/goflow/examples/distributed-rate-limiting/main.go:33.15,33.34 1 0
github.com/vnykmshr/goflow/examples/distributed-rate-limiting/main.go:35.2,36.44 2 0
github.com/vnykmshr/goflow/examples/distributed-rate-limiting/main.go:36.44,41.3 4 0
github.com/vnykmshr/goflow/examples/distributed-rate-limiting/main.go:44.2,54.63 8 0
github.com/vnykmshr/goflow/examples/distributed-rate-limiting/main.go:58.61,71.16 5 0
github.com/vnykmshr/goflow/examples/distributed-rate-limiting/main.go:71.16,73.3 1 0
github.com/vnykmshr/goflow/examples/distributed-rate-limiting/main.go:74.2,74.15 1 0
github.com/vnykmshr/goflow/examples/distributed-rate-limiting/main.go:74.15,74.38 1 0
github.com/vnykmshr/goflow/examples/distributed-rate-limiting/main.go:76.2,83.25 5 0
github.com/vnykmshr/goflow/examples/distributed-rate-limiting/main.go:83.25,84.25 1 0
github.com/vnykmshr/goflow/examples/distributed-rate-limiting/main.go:84.25,87.4 2 0
github.com/vnykmshr/goflow/examples/distributed-rate-limiting/main.go:87.9,89.4 1 0
github.com/vnykmshr/goflow/examples/distributed-rate-limiting/main.go:92.2,96.16 3 0
github.com/vnykmshr/goflow/examples/distributed-rate-limiting/main.go:96.16,99.3 1 0
github.com/vnykmshr/goflow/examples/distributed-rate-limiting/main.go:102.2,102.43 1 0
github.com/vnykmshr/goflow/examples/distributed-rate-limiting/main.go:102.43,104.3 1 0
github.com/vnykmshr/goflow/examples/distributed-rate-limiting/main.go:108.54,121.25 5 0
github.com/vnykmshr/goflow/examples/distributed-rate-limiting/main.go:121.25,126.17 4 0
github.com/vnykmshr/goflow/examples/distributed-rate-limiting/main.go:126.17,128.4 1 0
github.com/vnykmshr/goflow/examples/distributed-rate-limiting/main.go:129.3,130.16 2 0
github.com/vnykmshr/goflow/examples/distributed-rate-limiting/main.go:130.16,130.39 1 0
github.com/vnykmshr/goflow/examples/distributed-rate-limiting/main.go:133.2,140.35 5 0
github.com/vnykmshr/goflow/examples/distributed-rate-limiting/main.go:140.35,142.52 2 0
github.com/vnykmshr/goflow/examples/distributed-rate-limiting/main.go:142.52,146.27 3 0
github.com/vnykmshr/goflow/examples/distributed-rate-limiting/main.go:146.27,149.5 2 0
github.com/vnykmshr/goflow/examples/distributed-rate-limiting/main.go:153.2,157.42 3 0
github.com/vnykmshr/goflow/examples/distributed-rate-limiting/main.go:157.42,160.42 3 0
github.com/vnykmshr/goflow/examples/distributed-rate-limiting/main.go:160.42,161.14 1 0
github.com/vnykmshr/goflow/examples/distributed-rate-limiting/main.go:161.14,165.5 3 0
github.com/vnykmshr/goflow/examples/distributed-rate-limiting/main.go:165.10,167.5 1 0
github.com/vnykmshr/goflow/examples/distributed-rate-limiting/main.go:168.4,168.34 1 0
github.com/vnykmshr/goflow/examples/distributed-rate-limiting/main.go:168.34,170.5 1 0
github.com/vnykmshr/goflow/examples/distributed-rate-limiting/main.go:172.3,172.41 1 0
github.com/vnykmshr/goflow/examples/distributed-rate-limiting/main.go:174.2,178.16 3 0
github.com/vnykmshr/goflow/examples/distributed-rate-limiting/main.go:178.16,180.3 1 0
github.com/vnykmshr/goflow/examples/distributed-rate-limiting/main.go:183.2,183.47 1 0
github.com/vnykmshr/goflow/examples/distributed-rate-limiting/main.go:183.47,185.3 1 0
github.com/vnykmshr/goflow/examples/distributed-rate-limiting/main.go:189.47,204.31 5 0
github.com/vnykmshr/goflow/examples/distributed-rate-limiting/main.go:204.31,216.17 4 0
github.com/vnykmshr/goflow/examples/distributed-rate-limiting/main.go:216.17,218.12 2 0
github.com/vnykmshr/goflow/examples/distributed-rate-limiting/main.go:222.3,223.26 2 0
github.com/vnykmshr/goflow/examples/distributed-rate-limiting/main.go:223.26,224.26 1 0
github.com/vnykmshr/goflow/examples/distributed-rate-limiting/main.go:224.26,226.5 1 0
github.com/vnykmshr/goflow/examples/distributed-rate-limiting/main.go:226.10,228.5 1 0
github.com/vnykmshr/goflow/examples/distributed-rate-limiting/main.go:231.3,235.26 4 0
github.com/vnykmshr/goflow/examples/distributed-rate-limiting/main.go:235.26,236.26 1 0
github.com/vnykmshr/goflow/examples/distributed-rate-limiting/main.go:236.26,238.5 1 0
github.com/vnykmshr/goflow/examples/distributed-rate-limiting/main.go:238.10,240.5 1 0
github.com/vnykmshr/goflow/examples/distributed-rate-limiting/main.go:241.4,241.38 1 0
github.com/vnykmshr/goflow/examples/distributed-rate-limiting/main.go:243.3,245.41 2 0
github.com/vnykmshr/goflow/examples/distributed-rate-limiting/main.go:245.41,247.4 1 0
github.com/vnykmshr/goflow/examples/distributed-rate-limiting/main.go:248.3,248.44 1 0
github.com/vnykmshr/goflow/examples/distributed-rate-limiting/main.go:248.44,250.4 1 0
github.com/vnykmshr/goflow/examples/distributed-rate-limiting/main.go:255.28,264.15 4 0
github.com/vnykmshr/goflow/examples/distributed-rate-limiting/main.go:264.15,264.34 1 0
github.com/vnykmshr/goflow/examples/distributed-rate-limiting/main.go:267.2,268.16 2 0
github.com/vnykmshr/goflow/examples/distributed-rate-limiting/main.go:268.16,270.3 1 0
github.com/vnykmshr/goflow/examples/distributed-rate-limiting/main.go:272.2,283.16 4 0
github.com/vnykmshr/goflow/examples/distributed-rate-limiting/main.go:283.16,288.26 4 0
github.com/vnykmshr/goflow/examples/distributed-rate-limiting/main.go:288.26,289.28 1 0
github.com/vnykmshr/goflow/examples/distributed-rate-limiting/main.go:289.28,291.5 1 0
github.com/vnykmshr/goflow/examples/distributed-rate-limiting/main.go:291.10,293.5 1 0
github.com/vnykmshr/goflow/examples/distributed-rate-limiting/main.go:295.3,296.9 2 0
github.com/vnykmshr/goflow/examples/distributed-rate-limiting/main.go:298.2,298.15 1 0
github.com/vnykmshr/goflow/examples/distributed-rate-limiting/main.go:298.15,298.38 1 0
github.com/vnykmshr/goflow/examples/distributed-rate-limiting/main.go:301.2,302.25 2 0
github.com/vnykmshr/goflow/examples/distributed-rate-limiting/main.go:302.25,303.42 1 0
github.com/vnykmshr/goflow/examples/distributed-rate-limiting/main.go:303.42,305.4 1 0
github.com/vnykmshr/goflow/examples/distributed-rate-limiting/main.go:305.9,307.4 1 0
github.com/vnykmshr/goflow/examples/distributed-rate-limiting/main.go:309.2,309.15 1 0
github.com/vnykmshr/goflow/examples/distributed-rate-limiting/main.go:313.48,326.16 5 0
github.com/vnykmshr/goflow/examples/distributed-rate-limiting/main.go:326.16,328.3 1 0
github.com/vnykmshr/goflow/examples/distributed-rate-limiting/main.go:329.2,329.15 1 0
github.com/vnykmshr/goflow/examples/distributed-rate-limiting/main.go:329.15,329.38 1 0
github.com/vnykmshr/goflow/examples/distributed-rate-limiting/main.go:331.2,344.34 9 0
github.com/vnykmshr/goflow/examples/distributed-rate-limiting/main.go:344.34,346.18 2 0
github.com/vnykmshr/goflow/examples/distributed-rate-limiting/main.go:346.18,350.43 3 0
github.com/vnykmshr/goflow/examples/distributed-rate-limiting/main.go:350.43,351.27 1 0
github.com/vnykmshr/goflow/examples/distributed-rate-limiting/main.go:351.27,353.6 1 0
github.com/vnykmshr/goflow/examples/distributed-rate-limiting/main.go:356.4,358.15 3 0
github.com/vnykmshr/goflow/examples/distributed-rate-limiting/main.go:362.2,372.16 6 0
github.com/vnykmshr/goflow/examples/distributed-rate-limiting/main.go:372.16,375.3 1 0
github.com/vnykmshr/goflow/examples/distributed-rate-limiting/main.go:377.2,377.43 1 0
github.com/vnykmshr/goflow/examples/distributed-rate-limiting/main.go:377.43,379.3 1 0
github.com/vnykmshr/goflow/examples/distributed-rate-limiting/main.go:383.22,391.15 3 0
github.com/vnykmshr/goflow/examples/distributed-rate-limiting/main.go:391.15,391.34 1 0
github.com/vnykmshr/goflow/examples/distributed-rate-limiting/main.go:393.2,394.44 2 0
github.com/vnykmshr/goflow/examples/distributed-rate-limiting/main.go:394.44,396.3 1 0
github.com/vnykmshr/goflow/examples/distributed-rate-limiting/main.go:399.2,408.16 3 0
github.com/vnykmshr/goflow/examples/distributed-rate-limiting/main.go:408.16,410.3 1 0
github.com/vnykmshr/goflow/examples/distributed-rate-limiting/main.go:411.2,411.15 1 0
github.com/vnykmshr/goflow/examples/distributed-rate-limiting/main.go:411.15,411.38 1 0
github.com/vnykmshr/goflow/examples/distributed-rate-limiting/main.go:414.2,414.71 1 0
github.com/vnykmshr/goflow/examples/distributed-rate-limiting/main.go:414.71,415.34 1 0
github.com/vnykmshr/goflow/examples/distributed-rate-limiting/main.go:415.34,418.4 2 0
github.com/vnykmshr/goflow/examples/distributed-rate-limiting/main.go:421.3,425.68 3 0
github.com/vnykmshr/goflow/examples/distributed-rate-limiting/main.go:425.68,427.4 1 0
github.com/vnykmshr/goflow/examples/distributed-rate-limiting/main.go:431.2,431.73 1 0
github.com/vnykmshr/goflow/examples/distributed-rate-limiting/main.go:431.73,433.17 2 0
github.com/vnykmshr/goflow/examples/distributed-rate-limiting/main.go:433.17,436.4 2 0
github.com/vnykmshr/goflow/examples/distributed-rate-limiting/main.go:438.3,448.89 2 0
github.com/vnykmshr/goflow/examples/distributed-rate-limiting/main.go:448.89,450.4 1 0
github.com/vnykmshr/goflow/examples/distributed-rate-limiting/main.go:453.2,454.37 2 0
github.com/vnykmshr/goflow/examples/distributed-rate-limiting/main.go:454.37,455.44 1 0
github.com/vnykmshr/goflow/examples/distributed-rate-limiting/main.go:455.44,457.4 1 0
github.com/vnykmshr/goflow/examples/distributed-rate-limiting/main.go:460.2,478.36 12 0
github.com/vnykmshr/goflow/pkg/scheduling/scheduler/scheduler.go:52.58,53.38 1 1
github.com/vnykmshr/goflow/pkg/scheduling/scheduler/scheduler.go:53.38,55.3 1 0
github.com/vnykmshr/goflow/pkg/scheduling/scheduler/scheduler.go:57.2,60.56 3 1
github.com/vnykmshr/goflow/pkg/scheduling/scheduler/scheduler.go:60.56,61.18 1 1
github.com/vnykmshr/goflow/pkg/scheduling/scheduler/scheduler.go:61.18,62.11 1 1
github.com/vnykmshr/goflow/pkg/scheduling/scheduler/scheduler.go:63.29,63.29 0 1
github.com/vnykmshr/goflow/pkg/scheduling/scheduler/scheduler.go:64.22,65.21 1 0
github.com/vnykmshr/goflow/pkg/scheduling/scheduler/scheduler.go:69.3,70.21 2 1
github.com/vnykmshr/goflow/pkg/scheduling/scheduler/scheduler.go:70.21,72.4 1 1
github.com/vnykmshr/goflow/pkg/scheduling/scheduler/scheduler.go:75.3,76.26 2 1
github.com/vnykmshr/goflow/pkg/scheduling/scheduler/scheduler.go:76.26,78.4 1 0
github.com/vnykmshr/goflow/pkg/scheduling/scheduler/scheduler.go:81.2,81.16 1 0
github.com/vnykmshr/goflow/pkg/scheduling/scheduler/scheduler.go:85.41,86.20 1 1
github.com/vnykmshr/goflow/pkg/scheduling/scheduler/scheduler.go:86.20,88.3 1 0
github.com/vnykmshr/goflow/pkg/scheduling/scheduler/scheduler.go:89.2,89.23 1 1
github.com/vnykmshr/goflow/pkg/scheduling/scheduler/scheduler.go:89.23,91.3 1 0
github.com/vnykmshr/goflow/pkg/scheduling/scheduler/scheduler.go:92.2,92.26 1 1
github.com/vnykmshr/goflow/pkg/scheduling/scheduler/scheduler.go:92.26,94.3 1 0
github.com/vnykmshr/goflow/pkg/scheduling/scheduler/scheduler.go:95.2,95.22 1 1
github.com/vnykmshr/goflow/pkg/scheduling/scheduler/scheduler.go:95.22,97.3 1 0
github.com/vnykmshr/goflow/pkg/scheduling/scheduler/scheduler.go:98.2,98.12 1 1
github.com/vnykmshr/goflow/pkg/scheduling/scheduler/scheduler.go:141.22,143.2 1 1
github.com/vnykmshr/goflow/pkg/scheduling/scheduler/scheduler.go:146.42,158.19 2 1
github.com/vnykmshr/goflow/pkg/scheduling/scheduler/scheduler.go:158.19,161.3 2 1
github.com/vnykmshr/goflow/pkg/scheduling/scheduler/scheduler.go:162.2,162.23 1 1
github.com/vnykmshr/goflow/pkg/scheduling/scheduler/scheduler.go:162.23,164.3 1 1
github.com/vnykmshr/goflow/pkg/scheduling/scheduler/scheduler.go:165.2,165.25 1 1
github.com/vnykmshr/goflow/pkg/scheduling/scheduler/scheduler.go:165.25,167.3 1 1
github.com/vnykmshr/goflow/pkg/scheduling/scheduler/scheduler.go:168.2,168.21 1 1
github.com/vnykmshr/goflow/pkg/scheduling/scheduler/scheduler.go:168.21,170.3 1 1
github.com/vnykmshr/goflow/pkg/scheduling/scheduler/scheduler.go:172.2,172.10 1 1
github.com/vnykmshr/goflow/pkg/scheduling/scheduler/scheduler.go:176.80,177.14 1 1
github.com/vnykmshr/goflow/pkg/scheduling/scheduler/scheduler.go:177.14,179.3 1 1
github.com/vnykmshr/goflow/pkg/scheduling/scheduler/scheduler.go:180.2,180.31 1 1
github.com/vnykmshr/goflow/pkg/scheduling/scheduler/scheduler.go:180.31,182.3 1 0
github.com/vnykmshr/goflow/pkg/scheduling/scheduler/scheduler.go:183.2,183.17 1 1
github.com/vnykmshr/goflow/pkg/scheduling/scheduler/scheduler.go:183.17,185.3 1 1
github.com/vnykmshr/goflow/pkg/scheduling/scheduler/scheduler.go:186.2,186.12 1 1
github.com/vnykmshr/goflow/pkg/scheduling/scheduler/scheduler.go:190.54,191.38 1 1
github.com/vnykmshr/goflow/pkg/scheduling/scheduler/scheduler.go:191.38,193.3 1 1
github.com/vnykmshr/goflow/pkg/scheduling/scheduler/scheduler.go:194.2,194.32 1 1
github.com/vnykmshr/goflow/pkg/scheduling/scheduler/scheduler.go:194.32,196.3 1 0
github.com/vnykmshr/goflow/pkg/scheduling/scheduler/scheduler.go:197.2,197.12 1 1
github.com/vnykmshr/goflow/pkg/scheduling/scheduler/scheduler.go:200.86,201.56 1 1
github.com/vnykmshr/goflow/pkg/scheduling/scheduler/scheduler.go:201.56,203.3 1 1
github.com/vnykmshr/goflow/pkg/scheduling/scheduler/scheduler.go:204.2,204.20 1 1
github.com/vnykmshr/goflow/pkg/scheduling/scheduler/scheduler.go:204.20,206.3 1 0
github.com/vnykmshr/goflow/pkg/scheduling/scheduler/scheduler.go:208.2,211.46 3 1
github.com/vnykmshr/goflow/pkg/scheduling/scheduler/scheduler.go:211.46,213.3 1 1
github.com/vnykmshr/goflow/pkg/scheduling/scheduler/scheduler.go:215.2,222.12 2 1
github.com/vnykmshr/goflow/pkg/scheduling/scheduler/scheduler.go:225.95,227.2 1 1
github.com/vnykmshr/goflow/pkg/scheduling/scheduler/scheduler.go:229.102,230.56 1 1
github.com/vnykmshr/goflow/pkg/scheduling/scheduler/scheduler.go:230.56,232.3 1 0
github.com/vnykmshr/goflow/pkg/scheduling/scheduler/scheduler.go:233.2,233.19 1 1
github.com/vnykmshr/goflow/pkg/scheduling/scheduler/scheduler.go:233.19,235.3 1 1
github.com/vnykmshr/goflow/pkg/scheduling/scheduler/scheduler.go:237.2,240.46 3 1
github.com/vnykmshr/goflow/pkg/scheduling/scheduler/scheduler.go:240.46,242.3 1 0
github.com/vnykmshr/goflow/pkg/scheduling/scheduler/scheduler.go:244.2,252.12 2 1
github.com/vnykmshr/goflow/pkg/scheduling/scheduler/scheduler.go:255.90,256.56 1 1
github.com/vnykmshr/goflow/pkg/scheduling/scheduler/scheduler.go:256.56,258.3 1 0
github.com/vnykmshr/goflow/pkg/scheduling/scheduler/scheduler.go:259.2,259.20 1 1
github.com/vnykmshr/goflow/pkg/scheduling/scheduler/scheduler.go:259.20,261.3 1 1
github.com/vnykmshr/goflow/pkg/scheduling/scheduler/scheduler.go:263.2,264.16 2 1
github.com/vnykmshr/goflow/pkg/scheduling/scheduler/scheduler.go:264.16,266.3 1 1
github.com/vnykmshr/goflow/pkg/scheduling/scheduler/scheduler.go:268.2,271.46 3 1
github.com/vnykmshr/goflow/pkg/scheduling/scheduler/scheduler.go:271.46,273.3 1 0
github.com/vnykmshr/goflow/pkg/scheduling/scheduler/scheduler.go:275.2,284.12 3 1
github.com/vnykmshr/goflow/pkg/scheduling/scheduler/scheduler.go:287.44,291.38 3 1
github.com/vnykmshr/goflow/pkg/scheduling/scheduler/scheduler.go:291.38,294.3 2 1
github.com/vnykmshr/goflow/pkg/scheduling/scheduler/scheduler.go:295.2,295.14 1 1
github.com/vnykmshr/goflow/pkg/scheduling/scheduler/scheduler.go:298.33,303.2 3 0
github.com/vnykmshr/goflow/pkg/scheduling/scheduler/scheduler.go:305.35,310.28 4 1
github.com/vnykmshr/goflow/pkg/scheduling/scheduler/scheduler.go:310.28,317.3 1 1
github.com/vnykmshr/goflow/pkg/scheduling/scheduler/scheduler.go:320.2,320.40 1 1
github.com/vnykmshr/goflow/pkg/scheduling/scheduler/scheduler.go:320.40,322.3 1 0
github.com/vnykmshr/goflow/pkg/scheduling/scheduler/scheduler.go:324.2,324.14 1 1
github.com/vnykmshr/goflow/pkg/scheduling/scheduler/scheduler.go:327.35,331.15 3 1
github.com/vnykmshr/goflow/pkg/scheduling/scheduler/scheduler.go:331.15,333.3 1 0
github.com/vnykmshr/goflow/pkg/scheduling/scheduler/scheduler.go:335.2,339.12 4 1
github.com/vnykmshr/goflow/pkg/scheduling/scheduler/scheduler.go:342.44,344.15 2 1
github.com/vnykmshr/goflow/pkg/scheduling/scheduler/scheduler.go:344.15,347.22 3 1
github.com/vnykmshr/goflow/pkg/scheduling/scheduler/scheduler.go:347.22,349.4 1 1
github.com/vnykmshr/goflow/pkg/scheduling/scheduler/scheduler.go:351.2,354.12 3 1
github.com/vnykmshr/goflow/pkg/scheduling/scheduler/scheduler.go:354.12,356.16 2 1
github.com/vnykmshr/goflow/pkg/scheduling/scheduler/scheduler.go:356.16,358.4 1 1
github.com/vnykmshr/goflow/pkg/scheduling/scheduler/scheduler.go:361.2,361.16 1 1
github.com/vnykmshr/goflow/pkg/scheduling/scheduler/scheduler.go:364.27,365.15 1 1
github.com/vnykmshr/goflow/pkg/scheduling/scheduler/scheduler.go:365.15,366.22 1 1
github.com/vnykmshr/goflow/pkg/scheduling/scheduler/scheduler.go:366.22,368.4 1 1
github.com/vnykmshr/goflow/pkg/scheduling/scheduler/scheduler.go:371.2,371.6 1 1
github.com/vnykmshr/goflow/pkg/scheduling/scheduler/scheduler.go:371.6,372.10 1 1
github.com/vnykmshr/goflow/pkg/scheduling/scheduler/scheduler.go:373.17,374.10 1 1
github.com/vnykmshr/goflow/pkg/scheduling/scheduler/scheduler.go:375.21,376.24 1 1
github.com/vnykmshr/goflow/pkg/scheduling/scheduler/scheduler.go:382.40,383.15 1 1
github.com/vnykmshr/goflow/pkg/scheduling/scheduler/scheduler.go:383.15,384.31 1 1
github.com/vnykmshr/goflow/pkg/scheduling/scheduler/scheduler.go:384.31,388.4 1 0
github.com/vnykmshr/goflow/pkg/scheduling/scheduler/scheduler.go:390.2,390.23 1 1
github.com/vnykmshr/goflow/pkg/scheduling/scheduler/scheduler.go:393.41,402.2 5 1
github.com/vnykmshr/goflow/pkg/scheduling/scheduler/scheduler.go:405.68,406.23 1 1
github.com/vnykmshr/goflow/pkg/scheduling/scheduler/scheduler.go:406.23,408.3 1 1
github.com/vnykmshr/goflow/pkg/scheduling/scheduler/scheduler.go:410.2,412.32 2 1
github.com/vnykmshr/goflow/pkg/scheduling/scheduler/scheduler.go:412.32,413.31 1 1
github.com/vnykmshr/goflow/pkg/scheduling/scheduler/scheduler.go:413.31,416.4 2 1
github.com/vnykmshr/goflow/pkg/scheduling/scheduler/scheduler.go:419.2,419.19 1 1
github.com/vnykmshr/goflow/pkg/scheduling/scheduler/scheduler.go:423.74,425.2 1 1
github.com/vnykmshr/goflow/pkg/scheduling/scheduler/scheduler.go:428.91,429.9 1 1
github.com/vnykmshr/goflow/pkg/scheduling/scheduler/scheduler.go:430.25,432.38 1 1
github.com/vnykmshr/goflow/pkg/scheduling/scheduler/scheduler.go:433.32,435.58 1 1
github.com/vnykmshr/goflow/pkg/scheduling/scheduler/scheduler.go:436.10,438.22 1 1
github.com/vnykmshr/goflow/pkg/scheduling/scheduler/scheduler.go:443.57,444.29 1 1
github.com/vnykmshr/goflow/pkg/scheduling/scheduler/scheduler.go:444.29,445.50 1 1
github.com/vnykmshr/goflow/pkg/scheduling/scheduler/scheduler.go:445.50,447.12 1 0
github.com/vnykmshr/goflow/pkg/scheduling/workerpool/pool.go:21.54,23.2 1 1
github.com/vnykmshr/goflow/pkg/scheduling/workerpool/pool.go:100.43,105.2 1 1
github.com/vnykmshr/goflow/pkg/scheduling/workerpool/pool.go:111.40,112.29 1 1
github.com/vnykmshr/goflow/pkg/scheduling/workerpool/pool.go:112.29,113.80 1 0
github.com/vnykmshr/goflow/pkg/scheduling/workerpool/pool.go:117.2,118.20 2 1
github.com/vnykmshr/goflow/pkg/scheduling/workerpool/pool.go:118.20,120.3 1 0
github.com/vnykmshr/goflow/pkg/scheduling/workerpool/pool.go:122.2,131.42 3 1
github.com/vnykmshr/goflow/pkg/scheduling/workerpool/pool.go:131.42,140.3 3 1
github.com/vnykmshr/goflow/pkg/scheduling/workerpool/pool.go:142.2,142.13 1 1
github.com/vnykmshr/goflow/pkg/scheduling/workerpool/pool.go:147.56,152.2 1 0
github.com/vnykmshr/goflow/pkg/scheduling/workerpool/pool.go:156.53,157.29 1 0
github.com/vnykmshr/goflow/pkg/scheduling/workerpool/pool.go:157.29,159.3 1 0
github.com/vnykmshr/goflow/pkg/scheduling/workerpool/pool.go:162.2,163.20 2 0
github.com/vnykmshr/goflow/pkg/scheduling/workerpool/pool.go:163.20,165.3 1 0
github.com/vnykmshr/goflow/pkg/scheduling/workerpool/pool.go:167.2,176.42 3 0
github.com/vnykmshr/goflow/pkg/scheduling/workerpool/pool.go:176.42,185.3 3 0
github.com/vnykmshr/goflow/pkg/scheduling/workerpool/pool.go:187.2,187.18 1 0
github.com/vnykmshr/goflow/pkg/scheduling/workerpool/workerpool.go:11.46,12.17 1 1
github.com/vnykmshr/goflow/pkg/scheduling/workerpool/workerpool.go:12.17,14.3 1 0
github.com/vnykmshr/goflow/pkg/scheduling/workerpool/workerpool.go:16.2,20.16 4 1
github.com/vnykmshr/goflow/pkg/scheduling/workerpool/workerpool.go:20.16,22.3 1 1
github.com/vnykmshr/goflow/pkg/scheduling/workerpool/workerpool.go:24.2,24.9 1 1
github.com/vnykmshr/goflow/pkg/scheduling/workerpool/workerpool.go:25.27,26.13 1 1
github.com/vnykmshr/goflow/pkg/scheduling/workerpool/workerpool.go:27.22,28.74 1 0
github.com/vnykmshr/goflow/pkg/scheduling/workerpool/workerpool.go:33.46,35.2 1 1
github.com/vnykmshr/goflow/pkg/scheduling/workerpool/workerpool.go:38.49,41.27 2 1
github.com/vnykmshr/goflow/pkg/scheduling/workerpool/workerpool.go:41.27,50.28 5 1
github.com/vnykmshr/goflow/pkg/scheduling/workerpool/workerpool.go:50.28,52.4 1 1
github.com/vnykmshr/goflow/pkg/scheduling/workerpool/workerpool.go:55.3,55.13 1 1
github.com/vnykmshr/goflow/pkg/scheduling/workerpool/workerpool.go:55.13,59.4 3 1
github.com/vnykmshr/goflow/pkg/scheduling/workerpool/workerpool.go:62.2,62.13 1 1
github.com/vnykmshr/goflow/pkg/scheduling/workerpool/workerpool.go:66.33,68.2 1 1
github.com/vnykmshr/goflow/pkg/scheduling/workerpool/workerpool.go:71.38,73.2 1 1
github.com/vnykmshr/goflow/pkg/scheduling/workerpool/workerpool.go:76.24,80.6 3 1
github.com/vnykmshr/goflow/pkg/scheduling/workerpool/workerpool.go:80.6,81.10 1 1
github.com/vnykmshr/goflow/pkg/scheduling/workerpool/workerpool.go:82.19,83.10 1 1
github.com/vnykmshr/goflow/pkg/scheduling/workerpool/workerpool.go:84.39,85.11 1 1
github.com/vnykmshr/goflow/pkg/scheduling/workerpool/workerpool.go:85.11,88.5 1 0
github.com/vnykmshr/goflow/pkg/scheduling/workerpool/workerpool.go:89.4,89.23 1 1
github.com/vnykmshr/goflow/pkg/scheduling/workerpool/workerpool.go:95.44,96.9 1 1
github.com/vnykmshr/goflow/pkg/scheduling/workerpool/workerpool.go:97.36,97.36 0 1
github.com/vnykmshr/goflow/pkg/scheduling/workerpool/workerpool.go:98.18,98.18 0 1
github.com/vnykmshr/goflow/pkg/scheduling/workerpool/workerpool.go:100.44,100.44 0 1
github.com/vnykmshr/goflow/pkg/scheduling/workerpool/workerpool.go:106.41,111.15 3 1
github.com/vnykmshr/goflow/pkg/scheduling/workerpool/workerpool.go:111.15,112.31 1 1
github.com/vnykmshr/goflow/pkg/scheduling/workerpool/workerpool.go:112.31,114.4 1 1
github.com/vnykmshr/goflow/pkg/scheduling/workerpool/workerpool.go:116.3,125.23 3 1
github.com/vnykmshr/goflow/pkg/scheduling/workerpool/workerpool.go:129.2,130.35 2 1
github.com/vnykmshr/goflow/pkg/scheduling/workerpool/workerpool.go:130.35,134.3 3 1
github.com/vnykmshr/goflow/pkg/scheduling/workerpool/workerpool.go:137.2,137.25 1 1
github.com/vnykmshr/goflow/pkg/streaming/channel/channel.go:119.29,126.2 1 1
github.com/vnykmshr/goflow/pkg/streaming/channel/channel.go:151.56,155.2 3 1
github.com/vnykmshr/goflow/pkg/streaming/channel/channel.go:158.65,159.28 1 1
github.com/vnykmshr/goflow/pkg/streaming/channel/channel.go:159.28,161.3 1 0
github.com/vnykmshr/goflow/pkg/streaming/channel/channel.go:163.2,172.11 4 1
github.com/vnykmshr/goflow/pkg/streaming/channel/channel.go:176.76,178.15 2 1
github.com/vnykmshr/goflow/pkg/streaming/channel/channel.go:178.15,180.3 1 1
github.com/vnykmshr/goflow/pkg/streaming/channel/channel.go:182.2,182.19 1 1
github.com/vnykmshr/goflow/pkg/streaming/channel/channel.go:182.19,184.3 1 1
github.com/vnykmshr/goflow/pkg/streaming/channel/channel.go:187.2,187.31 1 1
github.com/vnykmshr/goflow/pkg/streaming/channel/channel.go:187.31,191.3 3 0
github.com/vnykmshr/goflow/pkg/streaming/channel/channel.go:193.2,193.28 1 1
github.com/vnykmshr/goflow/pkg/streaming/channel/channel.go:194.13,195.37 1 1
github.com/vnykmshr/goflow/pkg/streaming/channel/channel.go:196.12,197.28 1 1
github.com/vnykmshr/goflow/pkg/streaming/channel/channel.go:198.18,199.34 1 1
github.com/vnykmshr/goflow/pkg/streaming/channel/channel.go:200.13,201.29 1 1
github.com/vnykmshr/goflow/pkg/streaming/channel/channel.go:202.10,203.37 1 0
github.com/vnykmshr/goflow/pkg/streaming/channel/channel.go:208.58,209.19 1 1
github.com/vnykmshr/goflow/pkg/streaming/channel/channel.go:209.19,211.3 1 1
github.com/vnykmshr/goflow/pkg/streaming/channel/channel.go:213.2,216.32 3 1
github.com/vnykmshr/goflow/pkg/streaming/channel/channel.go:216.32,217.29 1 1
github.com/vnykmshr/goflow/pkg/streaming/channel/channel.go:218.13,219.34 1 1
github.com/vnykmshr/goflow/pkg/streaming/channel/channel.go:219.34,219.54 1 1
github.com/vnykmshr/goflow/pkg/streaming/channel/channel.go:220.4,220.31 1 1
github.com/vnykmshr/goflow/pkg/streaming/channel/channel.go:220.31,222.5 1 0
github.com/vnykmshr/goflow/pkg/streaming/channel/channel.go:223.4,223.14 1 1
github.com/vnykmshr/goflow/pkg/streaming/channel/channel.go:224.19,228.34 3 0
github.com/vnykmshr/goflow/pkg/streaming/channel/channel.go:228.34,231.5 2 0
github.com/vnykmshr/goflow/pkg/streaming/channel/channel.go:232.4,232.14 1 0
github.com/vnykmshr/goflow/pkg/streaming/channel/channel.go:233.11,234.25 1 1
github.com/vnykmshr/goflow/pkg/streaming/channel/channel.go:238.2,239.32 2 1
github.com/vnykmshr/goflow/pkg/streaming/channel/channel.go:239.32,239.49 1 1
github.com/vnykmshr/goflow/pkg/streaming/channel/channel.go:240.2,242.12 2 1
github.com/vnykmshr/goflow/pkg/streaming/channel/channel.go:246.75,248.15 2 1
github.com/vnykmshr/goflow/pkg/streaming/channel/channel.go:248.15,250.3 1 1
github.com/vnykmshr/goflow/pkg/streaming/channel/channel.go:253.2,253.34 1 1
github.com/vnykmshr/goflow/pkg/streaming/channel/channel.go:253.34,257.3 3 0
github.com/vnykmshr/goflow/pkg/streaming/channel/channel.go:259.2,259.32 1 1
github.com/vnykmshr/goflow/pkg/streaming/channel/channel.go:263.65,266.19 2 1
github.com/vnykmshr/goflow/pkg/streaming/channel/channel.go:266.19,268.3 1 1
github.com/vnykmshr/goflow/pkg/streaming/channel/channel.go:270.2,273.19 3 1
github.com/vnykmshr/goflow/pkg/streaming/channel/channel.go:273.19,274.40 1 1
github.com/vnykmshr/goflow/pkg/streaming/channel/channel.go:274.40,276.4 1 0
github.com/vnykmshr/goflow/pkg/streaming/channel/channel.go:277.3,277.26 1 1
github.com/vnykmshr/goflow/pkg/streaming/channel/channel.go:280.2,281.32 2 1
github.com/vnykmshr/goflow/pkg/streaming/channel/channel.go:281.32,281.52 1 1
github.com/vnykmshr/goflow/pkg/streaming/channel/channel.go:282.2,284.25 2 1
github.com/vnykmshr/goflow/pkg/streaming/channel/channel.go:288.49,289.51 1 1
github.com/vnykmshr/goflow/pkg/streaming/channel/channel.go:289.51,291.3 1 1
github.com/vnykmshr/goflow/pkg/streaming/channel/channel.go:293.2,299.12 5 1
github.com/vnykmshr/goflow/pkg/streaming/channel/channel.go:303.51,305.2 1 1
github.com/vnykmshr/goflow/pkg/streaming/channel/channel.go:308.45,312.2 3 1
github.com/vnykmshr/goflow/pkg/streaming/channel/channel.go:315.45,317.2 1 1
github.com/vnykmshr/goflow/pkg/streaming/channel/channel.go:320.49,328.24 5 1
github.com/vnykmshr/goflow/pkg/streaming/channel/channel.go:328.24,330.3 1 1
github.com/vnykmshr/goflow/pkg/streaming/channel/channel.go:331.2,334.25 2 1
github.com/vnykmshr/goflow/pkg/streaming/channel/channel.go:334.25,336.3 1 1
github.com/vnykmshr/goflow/pkg/streaming/channel/channel.go:337.2,337.28 1 1
github.com/vnykmshr/goflow/pkg/streaming/channel/channel.go:337.28,339.3 1 1
github.com/vnykmshr/goflow/pkg/streaming/channel/channel.go:341.2,341.14 1 1
github.com/vnykmshr/goflow/pkg/streaming/channel/channel.go:345.84,349.51 3 1
github.com/vnykmshr/goflow/pkg/streaming/channel/channel.go:349.51,350.31 1 1
github.com/vnykmshr/goflow/pkg/streaming/channel/channel.go:350.31,352.4 1 1
github.com/vnykmshr/goflow/pkg/streaming/channel/channel.go:353.3,353.33 1 1
github.com/vnykmshr/goflow/pkg/streaming/channel/channel.go:353.33,353.53 1 1
github.com/vnykmshr/goflow/pkg/streaming/channel/channel.go:356.3,356.10 1 1
github.com/vnykmshr/goflow/pkg/streaming/channel/channel.go:357.21,358.20 1 0
github.com/vnykmshr/goflow/pkg/streaming/channel/channel.go:359.11,359.11 0 1
github.com/vnykmshr/goflow/pkg/streaming/channel/channel.go:363.3,363.21 1 1
github.com/vnykmshr/goflow/pkg/streaming/channel/channel.go:366.2,366.19 1 1
github.com/vnykmshr/goflow/pkg/streaming/channel/channel.go:366.19,368.3 1 0
github.com/vnykmshr/goflow/pkg/streaming/channel/channel.go:370.2,371.32 2 1
github.com/vnykmshr/goflow/pkg/streaming/channel/channel.go:371.32,371.49 1 1
github.com/vnykmshr/goflow/pkg/streaming/channel/channel.go:372.2,374.12 2 1
github.com/vnykmshr/goflow/pkg/streaming/channel/channel.go:378.59,382.32 3 1
github.com/vnykmshr/goflow/pkg/streaming/channel/channel.go:382.32,383.33 1 1
github.com/vnykmshr/goflow/pkg/streaming/channel/channel.go:383.33,383.53 1 1
github.com/vnykmshr/goflow/pkg/streaming/channel/channel.go:384.3,384.30 1 1
github.com/vnykmshr/goflow/pkg/streaming/channel/channel.go:384.30,386.4 1 1
github.com/vnykmshr/goflow/pkg/streaming/channel/channel.go:387.3,387.13 1 1
github.com/vnykmshr/goflow/pkg/streaming/channel/channel.go:390.2,391.32 2 1
github.com/vnykmshr/goflow/pkg/streaming/channel/channel.go:391.32,391.49 1 1
github.com/vnykmshr/goflow/pkg/streaming/channel/channel.go:392.2,394.12 2 1
github.com/vnykmshr/goflow/pkg/streaming/channel/channel.go:398.65,402.32 3 1
github.com/vnykmshr/goflow/pkg/streaming/channel/channel.go:402.32,404.33 2 1
github.com/vnykmshr/goflow/pkg/streaming/channel/channel.go:404.33,404.53 1 1
github.com/vnykmshr/goflow/pkg/streaming/channel/channel.go:405.3,405.30 1 1
github.com/vnykmshr/goflow/pkg/streaming/channel/channel.go:405.30,407.4 1 1
github.com/vnykmshr/goflow/pkg/streaming/channel/channel.go:410.2,411.32 2 1
github.com/vnykmshr/goflow/pkg/streaming/channel/channel.go:411.32,411.49 1 1
github.com/vnykmshr/goflow/pkg/streaming/channel/channel.go:412.2,414.12 2 1
github.com/vnykmshr/goflow/pkg/streaming/channel/channel.go:418.60,422.32 3 1
github.com/vnykmshr/goflow/pkg/streaming/channel/channel.go:422.32,424.3 1 1
github.com/vnykmshr/goflow/pkg/streaming/channel/channel.go:426.2,427.32 2 1
github.com/vnykmshr/goflow/pkg/streaming/channel/channel.go:427.32,427.49 1 1
github.com/vnykmshr/goflow/pkg/streaming/channel/channel.go:428.2,430.12 2 1
github.com/vnykmshr/goflow/pkg/streaming/channel/channel.go:434.83,440.38 4 1
github.com/vnykmshr/goflow/pkg/streaming/channel/channel.go:440.38,442.10 1 1
github.com/vnykmshr/goflow/pkg/streaming/channel/channel.go:443.21,444.26 1 1
github.com/vnykmshr/goflow/pkg/streaming/channel/channel.go:445.11,445.11 0 1
github.com/vnykmshr/goflow/pkg/streaming/channel/channel.go:449.3,449.21 1 1
github.com/vnykmshr/goflow/pkg/streaming/channel/channel.go:452.2,452.36 1 1
github.com/vnykmshr/goflow/pkg/streaming/channel/channel.go:452.36,454.3 1 1
github.com/vnykmshr/goflow/pkg/streaming/channel/channel.go:456.2,457.32 2 1
github.com/vnykmshr/goflow/pkg/streaming/channel/channel.go:457.32,457.52 1 1
github.com/vnykmshr/goflow/pkg/streaming/channel/channel.go:458.2,460.19 2 1
github.com/vnykmshr/goflow/pkg/streaming/channel/channel.go:464.62,468.2 3 1
github.com/vnykmshr/goflow/pkg/streaming/channel/channel.go:471.62,478.2 6 1
github.com/vnykmshr/goflow/pkg/streaming/channel/channel.go:481.56,482.19 1 0
github.com/vnykmshr/goflow/pkg/streaming/channel/channel.go:482.19,485.3 2 0
github.com/vnykmshr/goflow/pkg/streaming/channel/channel.go:486.2,486.36 1 0
github.com/vnykmshr/goflow/pkg/streaming/channel/channel.go:490.69,494.2 3 1
github.com/vnykmshr/goflow/pkg/streaming/channel/channel.go:497.75,498.32 1 1
github.com/vnykmshr/goflow/pkg/streaming/channel/channel.go:498.32,501.3 2 1
github.com/vnykmshr/goflow/pkg/streaming/channel/channel.go:505.78,506.32 1 1
github.com/vnykmshr/goflow/pkg/streaming/channel/channel.go:506.32,509.3 2 1
github.com/vnykmshr/goflow/pkg/streaming/writer/writer.go:119.29,127.2 1 1
github.com/vnykmshr/goflow/pkg/streaming/writer/writer.go:165.35,167.2 1 1
github.com/vnykmshr/goflow/pkg/streaming/writer/writer.go:170.60,171.28 1 1
github.com/vnykmshr/goflow/pkg/streaming/writer/writer.go:171.28,173.3 1 0
github.com/vnykmshr/goflow/pkg/streaming/writer/writer.go:174.2,174.27 1 1
github.com/vnykmshr/goflow/pkg/streaming/writer/writer.go:174.27,176.3 1 0
github.com/vnykmshr/goflow/pkg/streaming/writer/writer.go:177.2,177.28 1 1
github.com/vnykmshr/goflow/pkg/streaming/writer/writer.go:177.28,179.3 1 0
github.com/vnykmshr/goflow/pkg/streaming/writer/writer.go:181.2,200.30 5 1
github.com/vnykmshr/goflow/pkg/streaming/writer/writer.go:200.30,203.3 2 1
github.com/vnykmshr/goflow/pkg/streaming/writer/writer.go:205.2,205.11 1 1
github.com/vnykmshr/goflow/pkg/streaming/writer/writer.go:209.49,211.2 1 1
github.com/vnykmshr/goflow/pkg/streaming/writer/writer.go:214.52,216.2 1 1
github.com/vnykmshr/goflow/pkg/streaming/writer/writer.go:221.77,222.19 1 1
github.com/vnykmshr/goflow/pkg/streaming/writer/writer.go:222.19,224.3 1 1
github.com/vnykmshr/goflow/pkg/streaming/writer/writer.go:226.2,226.20 1 1
github.com/vnykmshr/goflow/pkg/streaming/writer/writer.go:226.20,228.3 1 1
github.com/vnykmshr/goflow/pkg/streaming/writer/writer.go:231.2,236.45 5 1
github.com/vnykmshr/goflow/pkg/streaming/writer/writer.go:236.45,237.33 1 1
github.com/vnykmshr/goflow/pkg/streaming/writer/writer.go:237.33,239.4 1 1
github.com/vnykmshr/goflow/pkg/streaming/writer/writer.go:240.3,240.36 1 1
github.com/vnykmshr/goflow/pkg/streaming/writer/writer.go:240.36,242.4 1 1
github.com/vnykmshr/goflow/pkg/streaming/writer/writer.go:243.3,243.23 1 1
github.com/vnykmshr/goflow/pkg/streaming/writer/writer.go:247.2,255.9 3 1
github.com/vnykmshr/goflow/pkg/streaming/writer/writer.go:256.25,256.25 0 1
github.com/vnykmshr/goflow/pkg/streaming/writer/writer.go:258.20,259.19 1 0
github.com/vnykmshr/goflow/pkg/streaming/writer/writer.go:260.23,261.25 1 0
github.com/vnykmshr/goflow/pkg/streaming/writer/writer.go:265.2,265.27 1 1
github.com/vnykmshr/goflow/pkg/streaming/writer/writer.go:265.27,266.10 1 1
github.com/vnykmshr/goflow/pkg/streaming/writer/writer.go:267.26,268.14 1 1
github.com/vnykmshr/goflow/pkg/streaming/writer/writer.go:269.21,270.20 1 0
github.com/vnykmshr/goflow/pkg/streaming/writer/writer.go:271.24,272.26 1 0
github.com/vnykmshr/goflow/pkg/streaming/writer/writer.go:276.2,276.12 1 1
github.com/vnykmshr/goflow/pkg/streaming/writer/writer.go:280.57,281.19 1 1
github.com/vnykmshr/goflow/pkg/streaming/writer/writer.go:281.19,283.3 1 0
github.com/vnykmshr/goflow/pkg/streaming/writer/writer.go:285.2,287.9 2 1
github.com/vnykmshr/goflow/pkg/streaming/writer/writer.go:288.26,288.26 0 1
github.com/vnykmshr/goflow/pkg/streaming/writer/writer.go:290.20,291.19 1 1
github.com/vnykmshr/goflow/pkg/streaming/writer/writer.go:292.23,293.25 1 0
github.com/vnykmshr/goflow/pkg/streaming/writer/writer.go:296.2,296.9 1 1
github.com/vnykmshr/goflow/pkg/streaming/writer/writer.go:297.21,298.13 1 1
github.com/vnykmshr/goflow/pkg/streaming/writer/writer.go:299.20,300.19 1 0
github.com/vnykmshr/goflow/pkg/streaming/writer/writer.go:301.23,302.25 1 0
github.com/vnykmshr/goflow/pkg/streaming/writer/writer.go:307.38,308.51 1 1
github.com/vnykmshr/goflow/pkg/streaming/writer/writer.go:308.51,310.3 1 0
github.com/vnykmshr/goflow/pkg/streaming/writer/writer.go:312.2,315.9 2 1
github.com/vnykmshr/goflow/pkg/streaming/writer/writer.go:316.26,316.26 0 1
github.com/vnykmshr/goflow/pkg/streaming/writer/writer.go:318.10,322.13 3 0
github.com/vnykmshr/goflow/pkg/streaming/writer/writer.go:326.2,331.12 3 1
github.com/vnykmshr/goflow/pkg/streaming/writer/writer.go:335.38,343.24 5 1
github.com/vnykmshr/goflow/pkg/streaming/writer/writer.go:343.24,345.3 1 1
github.com/vnykmshr/goflow/pkg/streaming/writer/writer.go:346.2,349.26 2 1
github.com/vnykmshr/goflow/pkg/streaming/writer/writer.go:349.26,351.3 1 1
github.com/vnykmshr/goflow/pkg/streaming/writer/writer.go:353.2,353.14 1 1
github.com/vnykmshr/goflow/pkg/streaming/writer/writer.go:357.40,359.2 1 1
github.com/vnykmshr/goflow/pkg/streaming/writer/writer.go:362.41,366.2 3 1
github.com/vnykmshr/goflow/pkg/streaming/writer/writer.go:369.45,373.2 3 1
[...]
github.com/vnykmshr/goflow/pkg/streaming/stream/stream.go:507.67,509.2 1 0
github.com/vnykmshr/goflow/pkg/streaming/stream/stream.go:512.89,513.18 1 1
github.com/vnykmshr/goflow/pkg/streaming/stream/stream.go:513.18,515.3 1 0
github.com/vnykmshr/goflow/pkg/streaming/stream/stream.go:517.2,517.15 1 1
github.com/vnykmshr/goflow/pkg/streaming/stream/stream.go:517.15,517.32 1 1
github.com/vnykmshr/goflow/pkg/streaming/stream/stream.go:519.2,520.16 2 1
github.com/vnykmshr/goflow/pkg/streaming/stream/stream.go:520.16,522.3 1 0
github.com/vnykmshr/goflow/pkg/streaming/stream/stream.go:524.2,524.26 1 1
github.com/vnykmshr/goflow/pkg/streaming/stream/stream.go:524.26,525.25 1 1
github.com/vnykmshr/goflow/pkg/streaming/stream/stream.go:525.25,527.4 1 0
github.com/vnykmshr/goflow/pkg/streaming/stream/stream.go:528.3,528.18 1 1
github.com/vnykmshr/goflow/pkg/streaming/stream/stream.go:528.18,529.9 1 1
github.com/vnykmshr/goflow/pkg/streaming/stream/stream.go:532.3,532.10 1 1
github.com/vnykmshr/goflow/pkg/streaming/stream/stream.go:533.21,534.27 1 0
github.com/vnykmshr/goflow/pkg/streaming/stream/stream.go:535.11,536.32 1 1
github.com/vnykmshr/goflow/pkg/streaming/stream/stream.go:536.32,538.5 1 1
github.com/vnykmshr/goflow/pkg/streaming/stream/stream.go:542.2,542.19 1 1
github.com/vnykmshr/goflow/pkg/streaming/stream/stream.go:546.89,547.18 1 1
github.com/vnykmshr/goflow/pkg/streaming/stream/stream.go:547.18,549.3 1 0
github.com/vnykmshr/goflow/pkg/streaming/stream/stream.go:551.2,551.15 1 1
github.com/vnykmshr/goflow/pkg/streaming/stream/stream.go:551.15,551.32 1 1
github.com/vnykmshr/goflow/pkg/streaming/stream/stream.go:553.2,554.16 2 1
github.com/vnykmshr/goflow/pkg/streaming/stream/stream.go:554.16,556.3 1 0
github.com/vnykmshr/goflow/pkg/streaming/stream/stream.go:558.2,558.26 1 1
github.com/vnykmshr/goflow/pkg/streaming/stream/stream.go:558.26,559.25 1 1
github.com/vnykmshr/goflow/pkg/streaming/stream/stream.go:559.25,561.4 1 0
github.com/vnykmshr/goflow/pkg/streaming/stream/stream.go:562.3,562.18 1 1
github.com/vnykmshr/goflow/pkg/streaming/stream/stream.go:562.18,563.9 1 1
github.com/vnykmshr/goflow/pkg/streaming/stream/stream.go:566.3,566.10 1 1
github.com/vnykmshr/goflow/pkg/streaming/stream/stream.go:567.21,568.27 1 0
github.com/vnykmshr/goflow/pkg/streaming/stream/stream.go:569.11,570.33 1 1
github.com/vnykmshr/goflow/pkg/streaming/stream/stream.go:570.33,572.5 1 1
github.com/vnykmshr/goflow/pkg/streaming/stream/stream.go:576.2,576.18 1 1
github.com/vnykmshr/goflow/pkg/streaming/stream/stream.go:580.90,583.2 2 1
github.com/vnykmshr/goflow/pkg/streaming/stream/stream.go:586.89,588.18 2 1
github.com/vnykmshr/goflow/pkg/streaming/stream/stream.go:588.18,590.3 1 0
github.com/vnykmshr/goflow/pkg/streaming/stream/stream.go:592.2,592.15 1 1
github.com/vnykmshr/goflow/pkg/streaming/stream/stream.go:592.15,592.32 1 1
github.com/vnykmshr/goflow/pkg/streaming/stream/stream.go:594.2,595.16 2 1
github.com/vnykmshr/goflow/pkg/streaming/stream/stream.go:595.16,597.3 1 0
github.com/vnykmshr/goflow/pkg/streaming/stream/stream.go:599.2,602.26 3 1
github.com/vnykmshr/goflow/pkg/streaming/stream/stream.go:602.26,603.25 1 1
github.com/vnykmshr/goflow/pkg/streaming/stream/stream.go:603.25,605.4 1 0
github.com/vnykmshr/goflow/pkg/streaming/stream/stream.go:606.3,606.18 1 1
github.com/vnykmshr/goflow/pkg/streaming/stream/stream.go:606.18,607.9 1 1
github.com/vnykmshr/goflow/pkg/streaming/stream/stream.go:610.3,610.10 1 1
github.com/vnykmshr/goflow/pkg/streaming/stream/stream.go:611.21,612.33 1 0
github.com/vnykmshr/goflow/pkg/streaming/stream/stream.go:613.11,614.54 1 1
github.com/vnykmshr/goflow/pkg/streaming/stream/stream.go:614.54,617.5 2 1
github.com/vnykmshr/goflow/pkg/streaming/stream/stream.go:621.2,621.29 1 1
github.com/vnykmshr/goflow/pkg/streaming/stream/stream.go:625.89,627.18 2 1
github.com/vnykmshr/goflow/pkg/streaming/stream/stream.go:627.18,629.3 1 0
github.com/vnykmshr/goflow/pkg/streaming/stream/stream.go:631.2,631.15 1 1
github.com/vnykmshr/goflow/pkg/streaming/stream/stream.go:631.15,631.32 1 1
github.com/vnykmshr/goflow/pkg/streaming/stream/stream.go:633.2,634.16 2 1
github.com/vnykmshr/goflow/pkg/streaming/stream/stream.go:634.16,636.3 1 0
github.com/vnykmshr/goflow/pkg/streaming/stream/stream.go:638.2,641.26 3 1
github.com/vnykmshr/goflow/pkg/streaming/stream/stream.go:641.26,642.25 1 1
github.com/vnykmshr/goflow/pkg/streaming/stream/stream.go:642.25,644.4 1 0
github.com/vnykmshr/goflow/pkg/streaming/stream/stream.go:645.3,645.18 1 1
github.com/vnykmshr/goflow/pkg/streaming/stream/stream.go:645.18,646.9 1 1
github.com/vnykmshr/goflow/pkg/streaming/stream/stream.go:649.3,649.10 1 1
github.com/vnykmshr/goflow/pkg/streaming/stream/stream.go:650.21,651.33 1 0
github.com/vnykmshr/goflow/pkg/streaming/stream/stream.go:652.11,653.54 1 1
github.com/vnykmshr/goflow/pkg/streaming/stream/stream.go:653.54,656.5 2 1
github.com/vnykmshr/goflow/pkg/streaming/stream/stream.go:660.2,660.29 1 1
github.com/vnykmshr/goflow/pkg/streaming/stream/stream.go:664.35,665.50 1 1
github.com/vnykmshr/goflow/pkg/streaming/stream/stream.go:665.50,667.3 1 1
github.com/vnykmshr/goflow/pkg/streaming/stream/stream.go:669.2,669.21 1 1
github.com/vnykmshr/goflow/pkg/streaming/stream/stream.go:669.21,671.3 1 1
github.com/vnykmshr/goflow/pkg/streaming/stream/stream.go:673.2,673.12 1 0
github.com/vnykmshr/goflow/pkg/streaming/stream/stream.go:677.37,679.2 1 1
github.com/vnykmshr/goflow/pkg/streaming/stream/stream.go:682.83,683.18 1 1
github.com/vnykmshr/goflow/pkg/streaming/stream/stream.go:683.18,685.3 1 0
github.com/vnykmshr/goflow/pkg/streaming/stream/stream.go:688.2,691.12 2 1
github.com/vnykmshr/goflow/pkg/streaming/stream/stream.go:691.12,694.7 2 1
github.com/vnykmshr/goflow/pkg/streaming/stream/stream.go:694.7,695.11 1 1
github.com/vnykmshr/goflow/pkg/streaming/stream/stream.go:696.22,698.11 2 1
github.com/vnykmshr/goflow/pkg/streaming/stream/stream.go:699.12,699.12 0 1
github.com/vnykmshr/goflow/pkg/streaming/stream/stream.go:702.4,703.18 2 1
github.com/vnykmshr/goflow/pkg/streaming/stream/stream.go:703.18,706.5 2 0
github.com/vnykmshr/goflow/pkg/streaming/stream/stream.go:708.4,708.16 1 1
github.com/vnykmshr/goflow/pkg/streaming/stream/stream.go:708.16,711.5 2 1
github.com/vnykmshr/goflow/pkg/streaming/stream/stream.go:713.4,713.11 1 1
github.com/vnykmshr/goflow/pkg/streaming/stream/stream.go:714.52,714.52 0 1
github.com/vnykmshr/goflow/pkg/streaming/stream/stream.go:715.22,717.11 2 0
github.com/vnykmshr/goflow/pkg/streaming/stream/stream.go:723.2,725.32 2 1
github.com/vnykmshr/goflow/pkg/streaming/stream/stream.go:725.32,728.98 2 1
github.com/vnykmshr/goflow/pkg/streaming/stream/stream.go:728.98,731.4 2 1
github.com/vnykmshr/goflow/pkg/streaming/stream/stream.go:733.3,733.21 1 1
github.com/vnykmshr/goflow/pkg/streaming/stream/stream.go:736.2,736.23 1 1
github.com/vnykmshr/goflow/pkg/ratelimit/bucket/bucket.go:10.37,12.2 1 1
github.com/vnykmshr/goflow/pkg/ratelimit/bucket/bucket.go:15.43,17.2 1 1
github.com/vnykmshr/goflow/pkg/ratelimit/bucket/bucket.go:20.56,22.2 1 1
github.com/vnykmshr/goflow/pkg/ratelimit/bucket/bucket.go:25.64,26.12 1 1
github.com/vnykmshr/goflow/pkg/ratelimit/bucket/bucket.go:26.12,28.3 1 0
github.com/vnykmshr/goflow/pkg/ratelimit/bucket/bucket.go:31.2,31.9 1 1
github.com/vnykmshr/goflow/pkg/ratelimit/bucket/bucket.go:32.20,33.19 1 1
github.com/vnykmshr/goflow/pkg/ratelimit/bucket/bucket.go:34.10,34.10 0 1
github.com/vnykmshr/goflow/pkg/ratelimit/bucket/bucket.go:37.2,39.13 3 1
github.com/vnykmshr/goflow/pkg/ratelimit/bucket/bucket.go:39.13,41.3 1 0
github.com/vnykmshr/goflow/pkg/ratelimit/bucket/bucket.go:43.2,44.16 2 1
github.com/vnykmshr/goflow/pkg/ratelimit/bucket/bucket.go:44.16,46.10 1 1
github.com/vnykmshr/goflow/pkg/ratelimit/bucket/bucket.go:47.21,49.20 2 0
github.com/vnykmshr/goflow/pkg/ratelimit/bucket/bucket.go:50.11,51.14 1 1
github.com/vnykmshr/goflow/pkg/ratelimit/bucket/bucket.go:55.2,58.9 3 1
github.com/vnykmshr/goflow/pkg/ratelimit/bucket/bucket.go:59.17,61.13 1 0
github.com/vnykmshr/goflow/pkg/ratelimit/bucket/bucket.go:62.20,64.19 2 1
github.com/vnykmshr/goflow/pkg/ratelimit/bucket/bucket.go:69.47,71.2 1 1
github.com/vnykmshr/goflow/pkg/ratelimit/bucket/bucket.go:74.53,76.2 1 1
github.com/vnykmshr/goflow/pkg/ratelimit/bucket/bucket.go:79.49,86.2 5 1
github.com/vnykmshr/goflow/pkg/ratelimit/bucket/bucket.go:89.47,90.19 1 1
github.com/vnykmshr/goflow/pkg/ratelimit/bucket/bucket.go:90.19,91.34 1 1
github.com/vnykmshr/goflow/pkg/ratelimit/bucket/bucket.go:94.2,102.35 6 1
github.com/vnykmshr/goflow/pkg/ratelimit/bucket/bucket.go:102.35,104.3 1 1
github.com/vnykmshr/goflow/pkg/ratelimit/bucket/bucket.go:108.38,112.2 3 1
github.com/vnykmshr/goflow/pkg/ratelimit/bucket/bucket.go:115.36,119.2 3 1
github.com/vnykmshr/goflow/pkg/ratelimit/bucket/bucket.go:122.41,129.2 5 1
github.com/vnykmshr/goflow/pkg/ratelimit/bucket/bucket.go:132.91,136.12 3 1
github.com/vnykmshr/goflow/pkg/ratelimit/bucket/bucket.go:136.12,144.3 1 1
github.com/vnykmshr/goflow/pkg/ratelimit/bucket/bucket.go:146.2,146.21 1 1
github.com/vnykmshr/goflow/pkg/ratelimit/bucket/bucket.go:146.21,154.3 1 1
github.com/vnykmshr/goflow/pkg/ratelimit/bucket/bucket.go:156.2,156.19 1 1
github.com/vnykmshr/goflow/pkg/ratelimit/bucket/bucket.go:156.19,159.30 2 1
github.com/vnykmshr/goflow/pkg/ratelimit/bucket/bucket.go:159.30,168.4 2 1
github.com/vnykmshr/goflow/pkg/ratelimit/bucket/bucket.go:170.3,175.4 1 1
github.com/vnykmshr/goflow/pkg/ratelimit/bucket/bucket.go:178.2,181.29 2 1
github.com/vnykmshr/goflow/pkg/ratelimit/bucket/bucket.go:181.29,190.3 2 1
github.com/vnykmshr/goflow/pkg/ratelimit/bucket/bucket.go:193.2,196.24 3 1
github.com/vnykmshr/goflow/pkg/ratelimit/bucket/bucket.go:196.24,203.3 1 1
github.com/vnykmshr/goflow/pkg/ratelimit/bucket/bucket.go:206.2,215.3 3 1
github.com/vnykmshr/goflow/pkg/ratelimit/bucket/bucket.go:219.52,220.21 1 1
github.com/vnykmshr/goflow/pkg/ratelimit/bucket/bucket.go:220.21,224.3 3 1
github.com/vnykmshr/goflow/pkg/ratelimit/bucket/bucket.go:226.2,226.19 1 1
github.com/vnykmshr/goflow/pkg/ratelimit/bucket/bucket.go:226.19,230.3 2 1
github.com/vnykmshr/goflow/pkg/ratelimit/bucket/bucket.go:232.2,233.18 2 1
github.com/vnykmshr/goflow/pkg/ratelimit/bucket/bucket.go:233.18,235.3 1 1
github.com/vnykmshr/goflow/pkg/ratelimit/bucket/bucket.go:238.2,240.21 3 1
github.com/vnykmshr/goflow/pkg/ratelimit/bucket/bucket.go:244.58,245.11 1 1
github.com/vnykmshr/goflow/pkg/ratelimit/bucket/bucket.go:245.11,247.3 1 0
github.com/vnykmshr/goflow/pkg/ratelimit/bucket/bucket.go:249.2,256.70 5 1
github.com/vnykmshr/goflow/pkg/ratelimit/bucket/limiter.go:21.42,22.19 1 1
github.com/vnykmshr/goflow/pkg/ratelimit/bucket/limiter.go:22.19,24.3 1 1
github.com/vnykmshr/goflow/pkg/ratelimit/bucket/limiter.go:25.2,25.45 1 1
github.com/vnykmshr/goflow/pkg/ratelimit/bucket/limiter.go:82.33,84.2 1 1
github.com/vnykmshr/goflow/pkg/ratelimit/bucket/limiter.go:88.45,89.11 1 1
github.com/vnykmshr/goflow/pkg/ratelimit/bucket/limiter.go:89.11,91.3 1 0
github.com/vnykmshr/goflow/pkg/ratelimit/bucket/limiter.go:92.2,93.15 2 1
github.com/vnykmshr/goflow/pkg/ratelimit/bucket/limiter.go:93.15,95.3 1 1
github.com/vnykmshr/goflow/pkg/ratelimit/bucket/limiter.go:96.2,96.14 1 1
github.com/vnykmshr/goflow/pkg/ratelimit/bucket/limiter.go:101.62,102.11 1 1
github.com/vnykmshr/goflow/pkg/ratelimit/bucket/limiter.go:102.11,104.3 1 0
github.com/vnykmshr/goflow/pkg/ratelimit/bucket/limiter.go:105.2,106.15 2 1
github.com/vnykmshr/goflow/pkg/ratelimit/bucket/limiter.go:106.15,108.3 1 0
github.com/vnykmshr/goflow/pkg/ratelimit/bucket/limiter.go:109.2,109.14 1 1
github.com/vnykmshr/goflow/pkg/ratelimit/bucket/limiter.go:114.32,115.11 1 1
github.com/vnykmshr/goflow/pkg/ratelimit/bucket/limiter.go:115.11,117.3 1 0
github.com/vnykmshr/goflow/pkg/ratelimit/bucket/limiter.go:118.2,118.28 1 1
github.com/vnykmshr/goflow/pkg/ratelimit/bucket/limiter.go:130.36,132.2 1 1
github.com/vnykmshr/goflow/pkg/ratelimit/bucket/limiter.go:162.54,169.2 1 1
github.com/vnykmshr/goflow/pkg/ratelimit/bucket/limiter.go:173.56,174.95 1 1
github.com/vnykmshr/goflow/pkg/ratelimit/bucket/limiter.go:174.95,176.3 1 1
github.com/vnykmshr/goflow/pkg/ratelimit/bucket/limiter.go:177.2,177.85 1 1
github.com/vnykmshr/goflow/pkg/ratelimit/bucket/limiter.go:177.85,180.3 1 1
github.com/vnykmshr/goflow/pkg/ratelimit/bucket/limiter.go:181.2,181.25 1 1
github.com/vnykmshr/goflow/pkg/ratelimit/bucket/limiter.go:181.25,183.3 1 1
github.com/vnykmshr/goflow/pkg/ratelimit/bucket/limiter.go:185.2,186.30 2 1
github.com/vnykmshr/goflow/pkg/ratelimit/bucket/limiter.go:186.30,188.3 1 1
github.com/vnykmshr/goflow/pkg/ratelimit/bucket/limiter.go:190.2,196.8 1 1
github.com/vnykmshr/goflow/pkg/ratelimit/leakybucket/leakybucket.go:12.37,14.2 1 1
github.com/vnykmshr/goflow/pkg/ratelimit/leakybucket/leakybucket.go:17.43,19.2 1 1
github.com/vnykmshr/goflow/pkg/ratelimit/leakybucket/leakybucket.go:22.56,24.2 1 1
github.com/vnykmshr/goflow/pkg/ratelimit/leakybucket/leakybucket.go:27.64,28.12 1 1
github.com/vnykmshr/goflow/pkg/ratelimit/leakybucket/leakybucket.go:28.12,30.3 1 0
github.com/vnykmshr/goflow/pkg/ratelimit/leakybucket/leakybucket.go:33.2,33.9 1 1
github.com/vnykmshr/goflow/pkg/ratelimit/leakybucket/leakybucket.go:34.20,35.19 1 1
github.com/vnykmshr/goflow/pkg/ratelimit/leakybucket/leakybucket.go:36.10,36.10 0 1
github.com/vnykmshr/goflow/pkg/ratelimit/leakybucket/leakybucket.go:39.2,41.13 3 1
github.com/vnykmshr/goflow/pkg/ratelimit/leakybucket/leakybucket.go:41.13,43.3 1 0
github.com/vnykmshr/goflow/pkg/ratelimit/leakybucket/leakybucket.go:45.2,46.16 2 1
github.com/vnykmshr/goflow/pkg/ratelimit/leakybucket/leakybucket.go:46.16,48.10 1 1
github.com/vnykmshr/goflow/pkg/ratelimit/leakybucket/leakybucket.go:49.21,51.20 2 0
github.com/vnykmshr/goflow/pkg/ratelimit/leakybucket/leakybucket.go:52.11,53.14 1 1
github.com/vnykmshr/goflow/pkg/ratelimit/leakybucket/leakybucket.go:57.2,60.9 3 1
github.com/vnykmshr/goflow/pkg/ratelimit/leakybucket/leakybucket.go:61.17,63.13 1 0
github.com/vnykmshr/goflow/pkg/ratelimit/leakybucket/leakybucket.go:64.20,66.19 2 1
github.com/vnykmshr/goflow/pkg/ratelimit/leakybucket/leakybucket.go:71.47,73.2 1 1
github.com/vnykmshr/goflow/pkg/ratelimit/leakybucket/leakybucket.go:76.53,78.2 1 1
github.com/vnykmshr/goflow/pkg/ratelimit/leakybucket/leakybucket.go:81.58,88.2 5 1
github.com/vnykmshr/goflow/pkg/ratelimit/leakybucket/leakybucket.go:91.53,92.22 1 1
github.com/vnykmshr/goflow/pkg/ratelimit/leakybucket/leakybucket.go:92.22,93.37 1 1
github.com/vnykmshr/goflow/pkg/ratelimit/leakybucket/leakybucket.go:96.2,104.37 6 1
github.com/vnykmshr/goflow/pkg/ratelimit/leakybucket/leakybucket.go:104.37,106.3 1 0
github.com/vnykmshr/goflow/pkg/ratelimit/leakybucket/leakybucket.go:110.48,114.2 3 1
github.com/vnykmshr/goflow/pkg/ratelimit/leakybucket/leakybucket.go:117.39,121.2 3 1
github.com/vnykmshr/goflow/pkg/ratelimit/leakybucket/leakybucket.go:124.40,131.2 5 1
github.com/vnykmshr/goflow/pkg/ratelimit/leakybucket/leakybucket.go:134.44,141.2 5 1
github.com/vnykmshr/goflow/pkg/ratelimit/leakybucket/leakybucket.go:144.91,148.12 3 1
github.com/vnykmshr/goflow/pkg/ratelimit/leakybucket/leakybucket.go:148.12,156.3 1 1
github.com/vnykmshr/goflow/pkg/ratelimit/leakybucket/leakybucket.go:158.2,158.31 1 1
github.com/vnykmshr/goflow/pkg/ratelimit/leakybucket/leakybucket.go:158.31,167.3 1 1
github.com/vnykmshr/goflow/pkg/ratelimit/leakybucket/leakybucket.go:170.2,174.29 3 1
github.com/vnykmshr/goflow/pkg/ratelimit/leakybucket/leakybucket.go:174.29,183.3 2 1
github.com/vnykmshr/goflow/pkg/ratelimit/leakybucket/leakybucket.go:186.2,189.21 3 1
github.com/vnykmshr/goflow/pkg/ratelimit/leakybucket/leakybucket.go:189.21,191.3 1 1
github.com/vnykmshr/goflow/pkg/ratelimit/leakybucket/leakybucket.go:191.8,199.3 1 1
github.com/vnykmshr/goflow/pkg/ratelimit/leakybucket/leakybucket.go:201.2,201.24 1 1
github.com/vnykmshr/goflow/pkg/ratelimit/leakybucket/leakybucket.go:201.24,208.3 1 1
github.com/vnykmshr/goflow/pkg/ratelimit/leakybucket/leakybucket.go:211.2,220.3 3 1
github.com/vnykmshr/goflow/pkg/ratelimit/leakybucket/leakybucket.go:224.44,225.31 1 1
github.com/vnykmshr/goflow/pkg/ratelimit/leakybucket/leakybucket.go:225.31,230.3 3 1
github.com/vnykmshr/goflow/pkg/ratelimit/leakybucket/leakybucket.go:232.2,232.22 1 1
github.com/vnykmshr/goflow/pkg/ratelimit/leakybucket/leakybucket.go:232.22,236.3 2 1
github.com/vnykmshr/goflow/pkg/ratelimit/leakybucket/leakybucket.go:238.2,239.18 2 1
github.com/vnykmshr/goflow/pkg/ratelimit/leakybucket/leakybucket.go:239.18,241.3 1 1
github.com/vnykmshr/goflow/pkg/ratelimit/leakybucket/leakybucket.go:244.2,246.19 3 1
github.com/vnykmshr/goflow/pkg/ratelimit/leakybucket/leakybucket.go:250.58,251.11 1 1
github.com/vnykmshr/goflow/pkg/ratelimit/leakybucket/leakybucket.go:251.11,253.3 1 0
github.com/vnykmshr/goflow/pkg/ratelimit/leakybucket/leakybucket.go:255.2,262.52 5 1
github.com/vnykmshr/goflow/pkg/ratelimit/leakybucket/limiter.go:70.33,72.2 1 1
github.com/vnykmshr/goflow/pkg/ratelimit/leakybucket/limiter.go:76.45,77.11 1 1
github.com/vnykmshr/goflow/pkg/ratelimit/leakybucket/limiter.go:77.11,79.3 1 0
github.com/vnykmshr/goflow/pkg/ratelimit/leakybucket/limiter.go:80.2,81.15 2 1
github.com/vnykmshr/goflow/pkg/ratelimit/leakybucket/limiter.go:81.15,83.3 1 1
github.com/vnykmshr/goflow/pkg/ratelimit/leakybucket/limiter.go:84.2,84.14 1 1
github.com/vnykmshr/goflow/pkg/ratelimit/leakybucket/limiter.go:89.62,90.11 1 1
github.com/vnykmshr/goflow/pkg/ratelimit/leakybucket/limiter.go:90.11,92.3 1 0
github.com/vnykmshr/goflow/pkg/ratelimit/leakybucket/limiter.go:93.2,94.15 2 1
github.com/vnykmshr/goflow/pkg/ratelimit/leakybucket/limiter.go:94.15,96.3 1 0
github.com/vnykmshr/goflow/pkg/ratelimit/leakybucket/limiter.go:97.2,97.14 1 1
github.com/vnykmshr/goflow/pkg/ratelimit/leakybucket/limiter.go:102.32,103.11 1 1
github.com/vnykmshr/goflow/pkg/ratelimit/leakybucket/limiter.go:103.11,105.3 1 0
github.com/vnykmshr/goflow/pkg/ratelimit/leakybucket/limiter.go:106.2,106.28 1 1
github.com/vnykmshr/goflow/pkg/ratelimit/leakybucket/limiter.go:140.55,147.2 1 1
github.com/vnykmshr/goflow/pkg/ratelimit/leakybucket/limiter.go:153.43,154.25 1 1
github.com/vnykmshr/goflow/pkg/ratelimit/leakybucket/limiter.go:154.25,155.42 1 1
github.com/vnykmshr/goflow/pkg/ratelimit/leakybucket/limiter.go:157.2,157.26 1 1
github.com/vnykmshr/goflow/pkg/ratelimit/leakybucket/limiter.go:157.26,158.37 1 1
github.com/vnykmshr/goflow/pkg/ratelimit/leakybucket/limiter.go:160.2,160.25 1 1
github.com/vnykmshr/goflow/pkg/ratelimit/leakybucket/limiter.go:160.25,162.3 1 0
github.com/vnykmshr/goflow/pkg/ratelimit/leakybucket/limiter.go:164.2,165.29 2 1
github.com/vnykmshr/goflow/pkg/ratelimit/leakybucket/limiter.go:165.29,167.3 1 1
github.com/vnykmshr/goflow/pkg/ratelimit/leakybucket/limiter.go:169.2,169.45 1 1
github.com/vnykmshr/goflow/pkg/ratelimit/leakybucket/limiter.go:169.45,171.3 1 1
github.com/vnykmshr/goflow/pkg/ratelimit/leakybucket/limiter.go:173.2,179.3 1 1
github.com/vnykmshr/goflow/pkg/ratelimit/leakybucket/limiter.go:184.68,191.2 1 1
github.com/vnykmshr/goflow/pkg/ratelimit/leakybucket/limiter.go:195.56,196.108 1 1
github.com/vnykmshr/goflow/pkg/ratelimit/leakybucket/limiter.go:196.108,199.3 1 0
github.com/vnykmshr/goflow/pkg/ratelimit/leakybucket/limiter.go:200.2,200.96 1 1
github.com/vnykmshr/goflow/pkg/ratelimit/leakybucket/limiter.go:200.96,203.3 1 0
github.com/vnykmshr/goflow/pkg/ratelimit/leakybucket/limiter.go:204.2,204.25 1 1
github.com/vnykmshr/goflow/pkg/ratelimit/leakybucket/limiter.go:204.25,206.3 1 1
github.com/vnykmshr/goflow/pkg/ratelimit/leakybucket/limiter.go:208.2,209.29 2 1
github.com/vnykmshr/goflow/pkg/ratelimit/leakybucket/limiter.go:209.29,211.3 1 1
github.com/vnykmshr/goflow/pkg/ratelimit/leakybucket/limiter.go:213.2,213.45 1 1
github.com/vnykmshr/goflow/pkg/ratelimit/leakybucket/limiter.go:213.45,215.3 1 0
github.com/vnykmshr/goflow/pkg/ratelimit/leakybucket/limiter.go:217.2,223.8 1 1
